[2026-01-09T06:14:55.004+0000] {taskinstance.py:1957} INFO - Dependencies all met for dep_context=non-requeueable deps ti=<TaskInstance: stock_grok_pipeline.dbt_transform manual__2026-01-09T06:14:18.757593+00:00 [queued]>
[2026-01-09T06:14:55.019+0000] {taskinstance.py:1957} INFO - Dependencies all met for dep_context=requeueable deps ti=<TaskInstance: stock_grok_pipeline.dbt_transform manual__2026-01-09T06:14:18.757593+00:00 [queued]>
[2026-01-09T06:14:55.019+0000] {taskinstance.py:2171} INFO - Starting attempt 1 of 2
[2026-01-09T06:14:55.042+0000] {taskinstance.py:2192} INFO - Executing <Task(BashOperator): dbt_transform> on 2026-01-09 06:14:18.757593+00:00
[2026-01-09T06:14:55.053+0000] {standard_task_runner.py:60} INFO - Started process 550 to run task
[2026-01-09T06:14:55.059+0000] {standard_task_runner.py:87} INFO - Running: ['***', 'tasks', 'run', 'stock_grok_pipeline', 'dbt_transform', 'manual__2026-01-09T06:14:18.757593+00:00', '--job-id', '42', '--raw', '--subdir', 'DAGS_FOLDER/stock_grok_pipeline.py', '--cfg-path', '/tmp/tmp0zyrvhrl']
[2026-01-09T06:14:55.064+0000] {standard_task_runner.py:88} INFO - Job 42: Subtask dbt_transform
[2026-01-09T06:14:55.144+0000] {task_command.py:423} INFO - Running <TaskInstance: stock_grok_pipeline.dbt_transform manual__2026-01-09T06:14:18.757593+00:00 [running]> on host b3756c334e78
[2026-01-09T06:14:55.306+0000] {taskinstance.py:2481} INFO - Exporting env vars: AIRFLOW_CTX_DAG_OWNER='***' AIRFLOW_CTX_DAG_ID='stock_grok_pipeline' AIRFLOW_CTX_TASK_ID='dbt_transform' AIRFLOW_CTX_EXECUTION_DATE='2026-01-09T06:14:18.757593+00:00' AIRFLOW_CTX_TRY_NUMBER='1' AIRFLOW_CTX_DAG_RUN_ID='manual__2026-01-09T06:14:18.757593+00:00'
[2026-01-09T06:14:55.312+0000] {subprocess.py:63} INFO - Tmp dir root location: /tmp
[2026-01-09T06:14:55.313+0000] {subprocess.py:75} INFO - Running command: ['/usr/bin/bash', '-c', 'cd /dbt && dbt run --profiles-dir .']
[2026-01-09T06:14:55.338+0000] {subprocess.py:86} INFO - Output:
[2026-01-09T06:14:58.352+0000] {subprocess.py:93} INFO - [0m06:14:58  Running with dbt=1.8.8
[2026-01-09T06:14:58.468+0000] {subprocess.py:93} INFO - [0m06:14:58  [[33mWARNING[0m]: Deprecated functionality
[2026-01-09T06:14:58.468+0000] {subprocess.py:93} INFO - The `log-path` config in `dbt_project.yml` has been deprecated, and will no
[2026-01-09T06:14:58.469+0000] {subprocess.py:93} INFO - longer be supported in a future version of dbt-core. If you wish to write dbt
[2026-01-09T06:14:58.469+0000] {subprocess.py:93} INFO - logs to a custom directory, please use the --log-path CLI flag or DBT_LOG_PATH
[2026-01-09T06:14:58.469+0000] {subprocess.py:93} INFO - env var instead.
[2026-01-09T06:14:58.469+0000] {subprocess.py:93} INFO - [0m06:14:58  [[33mWARNING[0m]: Deprecated functionality
[2026-01-09T06:14:58.469+0000] {subprocess.py:93} INFO - The `target-path` config in `dbt_project.yml` has been deprecated, and will no
[2026-01-09T06:14:58.469+0000] {subprocess.py:93} INFO - longer be supported in a future version of dbt-core. If you wish to write dbt
[2026-01-09T06:14:58.469+0000] {subprocess.py:93} INFO - artifacts to a custom directory, please use the --target-path CLI flag or
[2026-01-09T06:14:58.470+0000] {subprocess.py:93} INFO - DBT_TARGET_PATH env var instead.
[2026-01-09T06:14:58.777+0000] {subprocess.py:93} INFO - [0m06:14:58  Registered adapter: postgres=1.9.1
[2026-01-09T06:14:59.283+0000] {subprocess.py:93} INFO - [0m06:14:59  Found 3 models, 2 sources, 424 macros
[2026-01-09T06:14:59.287+0000] {subprocess.py:93} INFO - [0m06:14:59
[2026-01-09T06:14:59.481+0000] {subprocess.py:93} INFO - [0m06:14:59  Concurrency: 4 threads (target='dev')
[2026-01-09T06:14:59.482+0000] {subprocess.py:93} INFO - [0m06:14:59
[2026-01-09T06:14:59.503+0000] {subprocess.py:93} INFO - [0m06:14:59  1 of 3 START sql view model analytics.stg_grok_explanations .................... [RUN]
[2026-01-09T06:14:59.505+0000] {subprocess.py:93} INFO - [0m06:14:59  2 of 3 START sql view model analytics.stg_stock_prices ......................... [RUN]
[2026-01-09T06:14:59.880+0000] {subprocess.py:93} INFO - [0m06:14:59  2 of 3 OK created sql view model analytics.stg_stock_prices .................... [[32mCREATE VIEW[0m in 0.37s]
[2026-01-09T06:14:59.882+0000] {subprocess.py:93} INFO - [0m06:14:59  1 of 3 OK created sql view model analytics.stg_grok_explanations ............... [[32mCREATE VIEW[0m in 0.38s]
[2026-01-09T06:14:59.887+0000] {subprocess.py:93} INFO - [0m06:14:59  3 of 3 START sql table model analytics.fct_prices_with_grok .................... [RUN]
[2026-01-09T06:15:00.020+0000] {subprocess.py:93} INFO - [0m06:15:00  3 of 3 OK created sql table model analytics.fct_prices_with_grok ............... [[32mSELECT 35[0m in 0.13s]
[2026-01-09T06:15:00.046+0000] {subprocess.py:93} INFO - [0m06:15:00
[2026-01-09T06:15:00.047+0000] {subprocess.py:93} INFO - [0m06:15:00  Finished running 2 view models, 1 table model in 0 hours 0 minutes and 0.76 seconds (0.76s).
[2026-01-09T06:15:00.103+0000] {subprocess.py:93} INFO - [0m06:15:00
[2026-01-09T06:15:00.104+0000] {subprocess.py:93} INFO - [0m06:15:00  [32mCompleted successfully[0m
[2026-01-09T06:15:00.105+0000] {subprocess.py:93} INFO - [0m06:15:00
[2026-01-09T06:15:00.106+0000] {subprocess.py:93} INFO - [0m06:15:00  Done. PASS=3 WARN=0 ERROR=0 SKIP=0 TOTAL=3
[2026-01-09T06:15:00.590+0000] {subprocess.py:97} INFO - Command exited with return code 0
[2026-01-09T06:15:00.655+0000] {taskinstance.py:1138} INFO - Marking task as SUCCESS. dag_id=stock_grok_pipeline, task_id=dbt_transform, execution_date=20260109T061418, start_date=20260109T061455, end_date=20260109T061500
[2026-01-09T06:15:00.687+0000] {local_task_job_runner.py:234} INFO - Task exited with return code 0
[2026-01-09T06:15:00.722+0000] {taskinstance.py:3281} INFO - 1 downstream tasks scheduled from follow-on schedule check
