[2026-01-09T05:37:51.880+0000] {taskinstance.py:1957} INFO - Dependencies all met for dep_context=non-requeueable deps ti=<TaskInstance: stock_grok_pipeline.extract_stock_prices manual__2026-01-09T05:37:43.720439+00:00 [queued]>
[2026-01-09T05:37:51.898+0000] {taskinstance.py:1957} INFO - Dependencies all met for dep_context=requeueable deps ti=<TaskInstance: stock_grok_pipeline.extract_stock_prices manual__2026-01-09T05:37:43.720439+00:00 [queued]>
[2026-01-09T05:37:51.898+0000] {taskinstance.py:2171} INFO - Starting attempt 1 of 2
[2026-01-09T05:37:51.921+0000] {taskinstance.py:2192} INFO - Executing <Task(PythonOperator): extract_stock_prices> on 2026-01-09 05:37:43.720439+00:00
[2026-01-09T05:37:51.935+0000] {standard_task_runner.py:60} INFO - Started process 1566 to run task
[2026-01-09T05:37:51.941+0000] {standard_task_runner.py:87} INFO - Running: ['***', 'tasks', 'run', 'stock_grok_pipeline', 'extract_stock_prices', 'manual__2026-01-09T05:37:43.720439+00:00', '--job-id', '2', '--raw', '--subdir', 'DAGS_FOLDER/stock_grok_pipeline.py', '--cfg-path', '/tmp/tmp6viimgp0']
[2026-01-09T05:37:51.947+0000] {standard_task_runner.py:88} INFO - Job 2: Subtask extract_stock_prices
[2026-01-09T05:37:52.065+0000] {task_command.py:423} INFO - Running <TaskInstance: stock_grok_pipeline.extract_stock_prices manual__2026-01-09T05:37:43.720439+00:00 [running]> on host b3756c334e78
[2026-01-09T05:37:52.766+0000] {taskinstance.py:2481} INFO - Exporting env vars: AIRFLOW_CTX_DAG_OWNER='***' AIRFLOW_CTX_DAG_ID='stock_grok_pipeline' AIRFLOW_CTX_TASK_ID='extract_stock_prices' AIRFLOW_CTX_EXECUTION_DATE='2026-01-09T05:37:43.720439+00:00' AIRFLOW_CTX_TRY_NUMBER='1' AIRFLOW_CTX_DAG_RUN_ID='manual__2026-01-09T05:37:43.720439+00:00'
[2026-01-09T05:37:52.796+0000] {cache.py:132} INFO - Failed to create TzCache, reason: Error creating TzCache folder: '/home/***/.cache/py-yfinance' reason: [Errno 17] File exists: '/home/***/.cache/py-yfinance'. TzCache will not be used. Tip: You can direct cache to use a different location with 'set_tz_cache_location(mylocation)'
[2026-01-09T05:37:52.797+0000] {cache.py:132} INFO - Failed to create TzCache, reason: Error creating TzCache folder: '/home/***/.cache/py-yfinance' reason: [Errno 17] File exists: '/home/***/.cache/py-yfinance'. TzCache will not be used. Tip: You can direct cache to use a different location with 'set_tz_cache_location(mylocation)'
[2026-01-09T05:37:55.551+0000] {logging_mixin.py:188} INFO - Inserted data for AAPL
[2026-01-09T05:37:55.555+0000] {logging_mixin.py:188} INFO - Inserted data for MSFT
[2026-01-09T05:37:55.559+0000] {logging_mixin.py:188} INFO - Inserted data for GOOGL
[2026-01-09T05:37:55.562+0000] {logging_mixin.py:188} INFO - Inserted data for TSLA
[2026-01-09T05:37:55.566+0000] {logging_mixin.py:188} INFO - Inserted data for NVDA
[2026-01-09T05:37:55.569+0000] {python.py:201} INFO - Done. Returned value was: None
[2026-01-09T05:37:55.602+0000] {taskinstance.py:1138} INFO - Marking task as SUCCESS. dag_id=stock_grok_pipeline, task_id=extract_stock_prices, execution_date=20260109T053743, start_date=20260109T053751, end_date=20260109T053755
[2026-01-09T05:37:55.695+0000] {local_task_job_runner.py:234} INFO - Task exited with return code 0
[2026-01-09T05:37:55.782+0000] {taskinstance.py:3281} INFO - 1 downstream tasks scheduled from follow-on schedule check
