[2026-01-09T06:07:36.077+0000] {taskinstance.py:1957} INFO - Dependencies all met for dep_context=non-requeueable deps ti=<TaskInstance: stock_grok_pipeline.call_grok_api manual__2026-01-09T06:07:27.042998+00:00 [queued]>
[2026-01-09T06:07:36.090+0000] {taskinstance.py:1957} INFO - Dependencies all met for dep_context=requeueable deps ti=<TaskInstance: stock_grok_pipeline.call_grok_api manual__2026-01-09T06:07:27.042998+00:00 [queued]>
[2026-01-09T06:07:36.091+0000] {taskinstance.py:2171} INFO - Starting attempt 1 of 2
[2026-01-09T06:07:36.109+0000] {taskinstance.py:2192} INFO - Executing <Task(PythonOperator): call_grok_api> on 2026-01-09 06:07:27.042998+00:00
[2026-01-09T06:07:36.122+0000] {standard_task_runner.py:60} INFO - Started process 573 to run task
[2026-01-09T06:07:36.127+0000] {standard_task_runner.py:87} INFO - Running: ['***', 'tasks', 'run', 'stock_grok_pipeline', 'call_grok_api', 'manual__2026-01-09T06:07:27.042998+00:00', '--job-id', '32', '--raw', '--subdir', 'DAGS_FOLDER/stock_grok_pipeline.py', '--cfg-path', '/tmp/tmphlg8gfr9']
[2026-01-09T06:07:36.132+0000] {standard_task_runner.py:88} INFO - Job 32: Subtask call_grok_api
[2026-01-09T06:07:36.234+0000] {task_command.py:423} INFO - Running <TaskInstance: stock_grok_pipeline.call_grok_api manual__2026-01-09T06:07:27.042998+00:00 [running]> on host b3756c334e78
[2026-01-09T06:07:36.390+0000] {taskinstance.py:2481} INFO - Exporting env vars: AIRFLOW_CTX_DAG_OWNER='***' AIRFLOW_CTX_DAG_ID='stock_grok_pipeline' AIRFLOW_CTX_TASK_ID='call_grok_api' AIRFLOW_CTX_EXECUTION_DATE='2026-01-09T06:07:27.042998+00:00' AIRFLOW_CTX_TRY_NUMBER='1' AIRFLOW_CTX_DAG_RUN_ID='manual__2026-01-09T06:07:27.042998+00:00'
[2026-01-09T06:07:36.406+0000] {stock_grok_pipeline.py:154} INFO - Processing Grok explanations for execution_date: 2026-01-09
[2026-01-09T06:07:36.408+0000] {stock_grok_pipeline.py:159} INFO - Available dates in stock_prices: [(datetime.date(2026, 1, 9),), (datetime.date(2026, 1, 7),)]
[2026-01-09T06:07:36.411+0000] {stock_grok_pipeline.py:174} INFO - Found 25 stock prices that need explanations for 2026-01-09
[2026-01-09T06:07:36.411+0000] {stock_grok_pipeline.py:185} INFO - XAI_API_KEY is set. Proceeding to call Grok API for 25 stocks.
[2026-01-09T06:07:36.493+0000] {stock_grok_pipeline.py:236} WARNING - Skipping AAPL - no previous close price available
[2026-01-09T06:07:36.494+0000] {stock_grok_pipeline.py:197} INFO - Calling Grok API for AAPL on 2026-01-09 (change: 0.00%)
[2026-01-09T06:07:38.344+0000] {stock_grok_pipeline.py:234} ERROR - Grok API error for AAPL: Error code: 404 - {'code': 'Some requested entity was not found', 'error': 'The model grok-beta was deprecated on 2025-09-15 and is no longer accessible via the API. Please use grok-3 instead.'}
[2026-01-09T06:07:38.345+0000] {stock_grok_pipeline.py:197} INFO - Calling Grok API for AAPL on 2026-01-09 (change: 0.00%)
[2026-01-09T06:07:38.752+0000] {stock_grok_pipeline.py:234} ERROR - Grok API error for AAPL: Error code: 404 - {'code': 'Some requested entity was not found', 'error': 'The model grok-beta was deprecated on 2025-09-15 and is no longer accessible via the API. Please use grok-3 instead.'}
[2026-01-09T06:07:38.753+0000] {stock_grok_pipeline.py:197} INFO - Calling Grok API for AAPL on 2026-01-09 (change: 0.00%)
[2026-01-09T06:07:39.161+0000] {stock_grok_pipeline.py:234} ERROR - Grok API error for AAPL: Error code: 404 - {'code': 'Some requested entity was not found', 'error': 'The model grok-beta was deprecated on 2025-09-15 and is no longer accessible via the API. Please use grok-3 instead.'}
[2026-01-09T06:07:39.161+0000] {stock_grok_pipeline.py:197} INFO - Calling Grok API for AAPL on 2026-01-09 (change: 0.00%)
[2026-01-09T06:07:39.570+0000] {stock_grok_pipeline.py:234} ERROR - Grok API error for AAPL: Error code: 404 - {'code': 'Some requested entity was not found', 'error': 'The model grok-beta was deprecated on 2025-09-15 and is no longer accessible via the API. Please use grok-3 instead.'}
[2026-01-09T06:07:39.570+0000] {stock_grok_pipeline.py:236} WARNING - Skipping GOOGL - no previous close price available
[2026-01-09T06:07:39.570+0000] {stock_grok_pipeline.py:197} INFO - Calling Grok API for GOOGL on 2026-01-09 (change: 0.00%)
[2026-01-09T06:07:39.984+0000] {stock_grok_pipeline.py:234} ERROR - Grok API error for GOOGL: Error code: 404 - {'code': 'Some requested entity was not found', 'error': 'The model grok-beta was deprecated on 2025-09-15 and is no longer accessible via the API. Please use grok-3 instead.'}
[2026-01-09T06:07:39.985+0000] {stock_grok_pipeline.py:197} INFO - Calling Grok API for GOOGL on 2026-01-09 (change: 0.00%)
[2026-01-09T06:07:40.596+0000] {stock_grok_pipeline.py:234} ERROR - Grok API error for GOOGL: Error code: 404 - {'code': 'Some requested entity was not found', 'error': 'The model grok-beta was deprecated on 2025-09-15 and is no longer accessible via the API. Please use grok-3 instead.'}
[2026-01-09T06:07:40.597+0000] {stock_grok_pipeline.py:197} INFO - Calling Grok API for GOOGL on 2026-01-09 (change: 0.00%)
[2026-01-09T06:07:41.004+0000] {stock_grok_pipeline.py:234} ERROR - Grok API error for GOOGL: Error code: 404 - {'code': 'Some requested entity was not found', 'error': 'The model grok-beta was deprecated on 2025-09-15 and is no longer accessible via the API. Please use grok-3 instead.'}
[2026-01-09T06:07:41.005+0000] {stock_grok_pipeline.py:197} INFO - Calling Grok API for GOOGL on 2026-01-09 (change: 0.00%)
[2026-01-09T06:07:41.414+0000] {stock_grok_pipeline.py:234} ERROR - Grok API error for GOOGL: Error code: 404 - {'code': 'Some requested entity was not found', 'error': 'The model grok-beta was deprecated on 2025-09-15 and is no longer accessible via the API. Please use grok-3 instead.'}
[2026-01-09T06:07:41.414+0000] {stock_grok_pipeline.py:236} WARNING - Skipping MSFT - no previous close price available
[2026-01-09T06:07:41.415+0000] {stock_grok_pipeline.py:197} INFO - Calling Grok API for MSFT on 2026-01-09 (change: 0.00%)
[2026-01-09T06:07:41.621+0000] {stock_grok_pipeline.py:234} ERROR - Grok API error for MSFT: Error code: 404 - {'code': 'Some requested entity was not found', 'error': 'The model grok-beta was deprecated on 2025-09-15 and is no longer accessible via the API. Please use grok-3 instead.'}
[2026-01-09T06:07:41.622+0000] {stock_grok_pipeline.py:197} INFO - Calling Grok API for MSFT on 2026-01-09 (change: 0.00%)
[2026-01-09T06:07:42.028+0000] {stock_grok_pipeline.py:234} ERROR - Grok API error for MSFT: Error code: 404 - {'code': 'Some requested entity was not found', 'error': 'The model grok-beta was deprecated on 2025-09-15 and is no longer accessible via the API. Please use grok-3 instead.'}
[2026-01-09T06:07:42.029+0000] {stock_grok_pipeline.py:197} INFO - Calling Grok API for MSFT on 2026-01-09 (change: 0.00%)
[2026-01-09T06:07:42.437+0000] {stock_grok_pipeline.py:234} ERROR - Grok API error for MSFT: Error code: 404 - {'code': 'Some requested entity was not found', 'error': 'The model grok-beta was deprecated on 2025-09-15 and is no longer accessible via the API. Please use grok-3 instead.'}
[2026-01-09T06:07:42.438+0000] {stock_grok_pipeline.py:197} INFO - Calling Grok API for MSFT on 2026-01-09 (change: 0.00%)
[2026-01-09T06:07:42.847+0000] {stock_grok_pipeline.py:234} ERROR - Grok API error for MSFT: Error code: 404 - {'code': 'Some requested entity was not found', 'error': 'The model grok-beta was deprecated on 2025-09-15 and is no longer accessible via the API. Please use grok-3 instead.'}
[2026-01-09T06:07:42.848+0000] {stock_grok_pipeline.py:236} WARNING - Skipping NVDA - no previous close price available
[2026-01-09T06:07:42.848+0000] {stock_grok_pipeline.py:197} INFO - Calling Grok API for NVDA on 2026-01-09 (change: 0.00%)
[2026-01-09T06:07:43.257+0000] {stock_grok_pipeline.py:234} ERROR - Grok API error for NVDA: Error code: 404 - {'code': 'Some requested entity was not found', 'error': 'The model grok-beta was deprecated on 2025-09-15 and is no longer accessible via the API. Please use grok-3 instead.'}
[2026-01-09T06:07:43.258+0000] {stock_grok_pipeline.py:197} INFO - Calling Grok API for NVDA on 2026-01-09 (change: 0.00%)
[2026-01-09T06:07:43.669+0000] {stock_grok_pipeline.py:234} ERROR - Grok API error for NVDA: Error code: 404 - {'code': 'Some requested entity was not found', 'error': 'The model grok-beta was deprecated on 2025-09-15 and is no longer accessible via the API. Please use grok-3 instead.'}
[2026-01-09T06:07:43.670+0000] {stock_grok_pipeline.py:197} INFO - Calling Grok API for NVDA on 2026-01-09 (change: 0.00%)
[2026-01-09T06:07:44.076+0000] {stock_grok_pipeline.py:234} ERROR - Grok API error for NVDA: Error code: 404 - {'code': 'Some requested entity was not found', 'error': 'The model grok-beta was deprecated on 2025-09-15 and is no longer accessible via the API. Please use grok-3 instead.'}
[2026-01-09T06:07:44.077+0000] {stock_grok_pipeline.py:197} INFO - Calling Grok API for NVDA on 2026-01-09 (change: 0.00%)
[2026-01-09T06:07:44.303+0000] {stock_grok_pipeline.py:234} ERROR - Grok API error for NVDA: Error code: 404 - {'code': 'Some requested entity was not found', 'error': 'The model grok-beta was deprecated on 2025-09-15 and is no longer accessible via the API. Please use grok-3 instead.'}
[2026-01-09T06:07:44.304+0000] {stock_grok_pipeline.py:236} WARNING - Skipping TSLA - no previous close price available
[2026-01-09T06:07:44.304+0000] {stock_grok_pipeline.py:197} INFO - Calling Grok API for TSLA on 2026-01-09 (change: 0.00%)
[2026-01-09T06:07:44.691+0000] {stock_grok_pipeline.py:234} ERROR - Grok API error for TSLA: Error code: 404 - {'code': 'Some requested entity was not found', 'error': 'The model grok-beta was deprecated on 2025-09-15 and is no longer accessible via the API. Please use grok-3 instead.'}
[2026-01-09T06:07:44.692+0000] {stock_grok_pipeline.py:197} INFO - Calling Grok API for TSLA on 2026-01-09 (change: 0.00%)
[2026-01-09T06:07:45.138+0000] {stock_grok_pipeline.py:234} ERROR - Grok API error for TSLA: Error code: 404 - {'code': 'Some requested entity was not found', 'error': 'The model grok-beta was deprecated on 2025-09-15 and is no longer accessible via the API. Please use grok-3 instead.'}
[2026-01-09T06:07:45.139+0000] {stock_grok_pipeline.py:197} INFO - Calling Grok API for TSLA on 2026-01-09 (change: 0.00%)
[2026-01-09T06:07:45.424+0000] {stock_grok_pipeline.py:234} ERROR - Grok API error for TSLA: Error code: 404 - {'code': 'Some requested entity was not found', 'error': 'The model grok-beta was deprecated on 2025-09-15 and is no longer accessible via the API. Please use grok-3 instead.'}
[2026-01-09T06:07:45.425+0000] {stock_grok_pipeline.py:197} INFO - Calling Grok API for TSLA on 2026-01-09 (change: 0.00%)
[2026-01-09T06:07:45.919+0000] {stock_grok_pipeline.py:234} ERROR - Grok API error for TSLA: Error code: 404 - {'code': 'Some requested entity was not found', 'error': 'The model grok-beta was deprecated on 2025-09-15 and is no longer accessible via the API. Please use grok-3 instead.'}
[2026-01-09T06:07:45.920+0000] {stock_grok_pipeline.py:239} INFO - Successfully committed 25 Grok explanations to database
[2026-01-09T06:07:45.921+0000] {python.py:201} INFO - Done. Returned value was: None
[2026-01-09T06:07:45.941+0000] {taskinstance.py:1138} INFO - Marking task as SUCCESS. dag_id=stock_grok_pipeline, task_id=call_grok_api, execution_date=20260109T060727, start_date=20260109T060736, end_date=20260109T060745
[2026-01-09T06:07:46.008+0000] {local_task_job_runner.py:234} INFO - Task exited with return code 0
[2026-01-09T06:07:46.050+0000] {taskinstance.py:3281} INFO - 1 downstream tasks scheduled from follow-on schedule check
