[2026-01-09T05:49:49.738+0000] {taskinstance.py:1957} INFO - Dependencies all met for dep_context=non-requeueable deps ti=<TaskInstance: stock_grok_pipeline.call_grok_api manual__2026-01-09T05:49:38.598261+00:00 [queued]>
[2026-01-09T05:49:49.753+0000] {taskinstance.py:1957} INFO - Dependencies all met for dep_context=requeueable deps ti=<TaskInstance: stock_grok_pipeline.call_grok_api manual__2026-01-09T05:49:38.598261+00:00 [queued]>
[2026-01-09T05:49:49.753+0000] {taskinstance.py:2171} INFO - Starting attempt 1 of 2
[2026-01-09T05:49:49.779+0000] {taskinstance.py:2192} INFO - Executing <Task(PythonOperator): call_grok_api> on 2026-01-09 05:49:38.598261+00:00
[2026-01-09T05:49:49.799+0000] {standard_task_runner.py:60} INFO - Started process 623 to run task
[2026-01-09T05:49:49.811+0000] {standard_task_runner.py:87} INFO - Running: ['***', 'tasks', 'run', 'stock_grok_pipeline', 'call_grok_api', 'manual__2026-01-09T05:49:38.598261+00:00', '--job-id', '14', '--raw', '--subdir', 'DAGS_FOLDER/stock_grok_pipeline.py', '--cfg-path', '/tmp/tmp4hfzoh0u']
[2026-01-09T05:49:49.818+0000] {standard_task_runner.py:88} INFO - Job 14: Subtask call_grok_api
[2026-01-09T05:49:49.965+0000] {task_command.py:423} INFO - Running <TaskInstance: stock_grok_pipeline.call_grok_api manual__2026-01-09T05:49:38.598261+00:00 [running]> on host b3756c334e78
[2026-01-09T05:49:50.214+0000] {taskinstance.py:2481} INFO - Exporting env vars: AIRFLOW_CTX_DAG_OWNER='***' AIRFLOW_CTX_DAG_ID='stock_grok_pipeline' AIRFLOW_CTX_TASK_ID='call_grok_api' AIRFLOW_CTX_EXECUTION_DATE='2026-01-09T05:49:38.598261+00:00' AIRFLOW_CTX_TRY_NUMBER='1' AIRFLOW_CTX_DAG_RUN_ID='manual__2026-01-09T05:49:38.598261+00:00'
[2026-01-09T05:49:50.241+0000] {logging_mixin.py:188} INFO - Found 15 stock prices that need explanations
[2026-01-09T05:49:52.854+0000] {logging_mixin.py:188} INFO - Grok API error for AAPL: Error code: 404 - {'code': 'Some requested entity was not found', 'error': 'The model grok-beta was deprecated on 2025-09-15 and is no longer accessible via the API. Please use grok-3 instead.'}
[2026-01-09T05:49:53.261+0000] {logging_mixin.py:188} INFO - Grok API error for AAPL: Error code: 404 - {'code': 'Some requested entity was not found', 'error': 'The model grok-beta was deprecated on 2025-09-15 and is no longer accessible via the API. Please use grok-3 instead.'}
[2026-01-09T05:49:53.672+0000] {logging_mixin.py:188} INFO - Grok API error for GOOGL: Error code: 404 - {'code': 'Some requested entity was not found', 'error': 'The model grok-beta was deprecated on 2025-09-15 and is no longer accessible via the API. Please use grok-3 instead.'}
[2026-01-09T05:49:54.080+0000] {logging_mixin.py:188} INFO - Grok API error for GOOGL: Error code: 404 - {'code': 'Some requested entity was not found', 'error': 'The model grok-beta was deprecated on 2025-09-15 and is no longer accessible via the API. Please use grok-3 instead.'}
[2026-01-09T05:49:54.490+0000] {logging_mixin.py:188} INFO - Grok API error for MSFT: Error code: 404 - {'code': 'Some requested entity was not found', 'error': 'The model grok-beta was deprecated on 2025-09-15 and is no longer accessible via the API. Please use grok-3 instead.'}
[2026-01-09T05:49:54.899+0000] {logging_mixin.py:188} INFO - Grok API error for MSFT: Error code: 404 - {'code': 'Some requested entity was not found', 'error': 'The model grok-beta was deprecated on 2025-09-15 and is no longer accessible via the API. Please use grok-3 instead.'}
[2026-01-09T05:49:55.241+0000] {logging_mixin.py:188} INFO - Grok API error for NVDA: Error code: 404 - {'code': 'Some requested entity was not found', 'error': 'The model grok-beta was deprecated on 2025-09-15 and is no longer accessible via the API. Please use grok-3 instead.'}
[2026-01-09T05:49:55.718+0000] {logging_mixin.py:188} INFO - Grok API error for NVDA: Error code: 404 - {'code': 'Some requested entity was not found', 'error': 'The model grok-beta was deprecated on 2025-09-15 and is no longer accessible via the API. Please use grok-3 instead.'}
[2026-01-09T05:49:56.128+0000] {logging_mixin.py:188} INFO - Grok API error for TSLA: Error code: 404 - {'code': 'Some requested entity was not found', 'error': 'The model grok-beta was deprecated on 2025-09-15 and is no longer accessible via the API. Please use grok-3 instead.'}
[2026-01-09T05:49:56.537+0000] {logging_mixin.py:188} INFO - Grok API error for TSLA: Error code: 404 - {'code': 'Some requested entity was not found', 'error': 'The model grok-beta was deprecated on 2025-09-15 and is no longer accessible via the API. Please use grok-3 instead.'}
[2026-01-09T05:49:56.538+0000] {python.py:201} INFO - Done. Returned value was: None
[2026-01-09T05:49:56.558+0000] {taskinstance.py:1138} INFO - Marking task as SUCCESS. dag_id=stock_grok_pipeline, task_id=call_grok_api, execution_date=20260109T054938, start_date=20260109T054949, end_date=20260109T054956
[2026-01-09T05:49:56.614+0000] {local_task_job_runner.py:234} INFO - Task exited with return code 0
[2026-01-09T05:49:56.664+0000] {taskinstance.py:3281} INFO - 1 downstream tasks scheduled from follow-on schedule check
