[2026-01-09T05:50:10.498+0000] {taskinstance.py:1957} INFO - Dependencies all met for dep_context=non-requeueable deps ti=<TaskInstance: stock_grok_pipeline.dbt_debug manual__2026-01-09T05:49:38.598261+00:00 [queued]>
[2026-01-09T05:50:10.524+0000] {taskinstance.py:1957} INFO - Dependencies all met for dep_context=requeueable deps ti=<TaskInstance: stock_grok_pipeline.dbt_debug manual__2026-01-09T05:49:38.598261+00:00 [queued]>
[2026-01-09T05:50:10.524+0000] {taskinstance.py:2171} INFO - Starting attempt 1 of 2
[2026-01-09T05:50:10.562+0000] {taskinstance.py:2192} INFO - Executing <Task(BashOperator): dbt_debug> on 2026-01-09 05:49:38.598261+00:00
[2026-01-09T05:50:10.579+0000] {standard_task_runner.py:60} INFO - Started process 766 to run task
[2026-01-09T05:50:10.588+0000] {standard_task_runner.py:87} INFO - Running: ['***', 'tasks', 'run', 'stock_grok_pipeline', 'dbt_debug', 'manual__2026-01-09T05:49:38.598261+00:00', '--job-id', '18', '--raw', '--subdir', 'DAGS_FOLDER/stock_grok_pipeline.py', '--cfg-path', '/tmp/tmpnnigbymi']
[2026-01-09T05:50:10.595+0000] {standard_task_runner.py:88} INFO - Job 18: Subtask dbt_debug
[2026-01-09T05:50:10.741+0000] {task_command.py:423} INFO - Running <TaskInstance: stock_grok_pipeline.dbt_debug manual__2026-01-09T05:49:38.598261+00:00 [running]> on host b3756c334e78
[2026-01-09T05:50:10.910+0000] {taskinstance.py:2481} INFO - Exporting env vars: AIRFLOW_CTX_DAG_OWNER='***' AIRFLOW_CTX_DAG_ID='stock_grok_pipeline' AIRFLOW_CTX_TASK_ID='dbt_debug' AIRFLOW_CTX_EXECUTION_DATE='2026-01-09T05:49:38.598261+00:00' AIRFLOW_CTX_TRY_NUMBER='1' AIRFLOW_CTX_DAG_RUN_ID='manual__2026-01-09T05:49:38.598261+00:00'
[2026-01-09T05:50:10.914+0000] {subprocess.py:63} INFO - Tmp dir root location: /tmp
[2026-01-09T05:50:10.915+0000] {subprocess.py:75} INFO - Running command: ['/usr/bin/bash', '-c', 'cd /dbt && dbt debug --profiles-dir .']
[2026-01-09T05:50:10.947+0000] {subprocess.py:86} INFO - Output:
[2026-01-09T05:50:14.757+0000] {subprocess.py:93} INFO - [0m05:50:14  Running with dbt=1.8.8
[2026-01-09T05:50:14.775+0000] {subprocess.py:93} INFO - [0m05:50:14  dbt version: 1.8.8
[2026-01-09T05:50:14.776+0000] {subprocess.py:93} INFO - [0m05:50:14  python version: 3.11.7
[2026-01-09T05:50:14.777+0000] {subprocess.py:93} INFO - [0m05:50:14  python path: /usr/local/bin/python
[2026-01-09T05:50:14.777+0000] {subprocess.py:93} INFO - [0m05:50:14  os info: Linux-6.14.0-37-generic-x86_64-with-glibc2.36
[2026-01-09T05:50:14.904+0000] {subprocess.py:93} INFO - [0m05:50:14  Using profiles dir at .
[2026-01-09T05:50:14.905+0000] {subprocess.py:93} INFO - [0m05:50:14  Using profiles.yml file at ./profiles.yml
[2026-01-09T05:50:14.905+0000] {subprocess.py:93} INFO - [0m05:50:14  Using dbt_project.yml file at /dbt/dbt_project.yml
[2026-01-09T05:50:14.906+0000] {subprocess.py:93} INFO - [0m05:50:14  adapter type: postgres
[2026-01-09T05:50:14.907+0000] {subprocess.py:93} INFO - [0m05:50:14  adapter version: 1.9.1
[2026-01-09T05:50:14.912+0000] {subprocess.py:93} INFO - [0m05:50:14  [[33mWARNING[0m]: Deprecated functionality
[2026-01-09T05:50:14.913+0000] {subprocess.py:93} INFO - The `log-path` config in `dbt_project.yml` has been deprecated, and will no
[2026-01-09T05:50:14.914+0000] {subprocess.py:93} INFO - longer be supported in a future version of dbt-core. If you wish to write dbt
[2026-01-09T05:50:14.914+0000] {subprocess.py:93} INFO - logs to a custom directory, please use the --log-path CLI flag or DBT_LOG_PATH
[2026-01-09T05:50:14.914+0000] {subprocess.py:93} INFO - env var instead.
[2026-01-09T05:50:14.914+0000] {subprocess.py:93} INFO - [0m05:50:14  [[33mWARNING[0m]: Deprecated functionality
[2026-01-09T05:50:14.915+0000] {subprocess.py:93} INFO - The `target-path` config in `dbt_project.yml` has been deprecated, and will no
[2026-01-09T05:50:14.915+0000] {subprocess.py:93} INFO - longer be supported in a future version of dbt-core. If you wish to write dbt
[2026-01-09T05:50:14.915+0000] {subprocess.py:93} INFO - artifacts to a custom directory, please use the --target-path CLI flag or
[2026-01-09T05:50:14.915+0000] {subprocess.py:93} INFO - DBT_TARGET_PATH env var instead.
[2026-01-09T05:50:15.099+0000] {subprocess.py:93} INFO - [0m05:50:15  Configuration:
[2026-01-09T05:50:15.100+0000] {subprocess.py:93} INFO - [0m05:50:15    profiles.yml file [[32mOK found and valid[0m]
[2026-01-09T05:50:15.101+0000] {subprocess.py:93} INFO - [0m05:50:15    dbt_project.yml file [[32mOK found and valid[0m]
[2026-01-09T05:50:15.102+0000] {subprocess.py:93} INFO - [0m05:50:15  Required dependencies:
[2026-01-09T05:50:15.109+0000] {subprocess.py:93} INFO - [0m05:50:15   - git [[32mOK found[0m]
[2026-01-09T05:50:15.109+0000] {subprocess.py:93} INFO - 
[2026-01-09T05:50:15.110+0000] {subprocess.py:93} INFO - [0m05:50:15  Connection:
[2026-01-09T05:50:15.111+0000] {subprocess.py:93} INFO - [0m05:50:15    host: postgres
[2026-01-09T05:50:15.111+0000] {subprocess.py:93} INFO - [0m05:50:15    port: 5432
[2026-01-09T05:50:15.112+0000] {subprocess.py:93} INFO - [0m05:50:15    user: ***
[2026-01-09T05:50:15.113+0000] {subprocess.py:93} INFO - [0m05:50:15    database: ***
[2026-01-09T05:50:15.114+0000] {subprocess.py:93} INFO - [0m05:50:15    schema: analytics
[2026-01-09T05:50:15.115+0000] {subprocess.py:93} INFO - [0m05:50:15    connect_timeout: 10
[2026-01-09T05:50:15.116+0000] {subprocess.py:93} INFO - [0m05:50:15    role: None
[2026-01-09T05:50:15.117+0000] {subprocess.py:93} INFO - [0m05:50:15    search_path: None
[2026-01-09T05:50:15.118+0000] {subprocess.py:93} INFO - [0m05:50:15    keepalives_idle: 0
[2026-01-09T05:50:15.119+0000] {subprocess.py:93} INFO - [0m05:50:15    sslmode: None
[2026-01-09T05:50:15.119+0000] {subprocess.py:93} INFO - [0m05:50:15    sslcert: None
[2026-01-09T05:50:15.120+0000] {subprocess.py:93} INFO - [0m05:50:15    sslkey: None
[2026-01-09T05:50:15.120+0000] {subprocess.py:93} INFO - [0m05:50:15    sslrootcert: None
[2026-01-09T05:50:15.121+0000] {subprocess.py:93} INFO - [0m05:50:15    application_name: dbt
[2026-01-09T05:50:15.122+0000] {subprocess.py:93} INFO - [0m05:50:15    retries: 1
[2026-01-09T05:50:15.123+0000] {subprocess.py:93} INFO - [0m05:50:15  Registered adapter: postgres=1.9.1
[2026-01-09T05:50:15.248+0000] {subprocess.py:93} INFO - [0m05:50:15    Connection test: [[32mOK connection ok[0m]
[2026-01-09T05:50:15.249+0000] {subprocess.py:93} INFO - 
[2026-01-09T05:50:15.250+0000] {subprocess.py:93} INFO - [0m05:50:15  [32mAll checks passed![0m
[2026-01-09T05:50:15.708+0000] {subprocess.py:97} INFO - Command exited with return code 0
[2026-01-09T05:50:15.786+0000] {taskinstance.py:1138} INFO - Marking task as SUCCESS. dag_id=stock_grok_pipeline, task_id=dbt_debug, execution_date=20260109T054938, start_date=20260109T055010, end_date=20260109T055015
[2026-01-09T05:50:15.844+0000] {local_task_job_runner.py:234} INFO - Task exited with return code 0
[2026-01-09T05:50:15.895+0000] {taskinstance.py:3281} INFO - 1 downstream tasks scheduled from follow-on schedule check
