[2026-01-06T16:04:47.180+0000] {taskinstance.py:1957} INFO - Dependencies all met for dep_context=non-requeueable deps ti=<TaskInstance: stock_grok_pipeline.call_grok_api scheduled__2026-01-05T16:00:00+00:00 [queued]>
[2026-01-06T16:04:47.193+0000] {taskinstance.py:1957} INFO - Dependencies all met for dep_context=requeueable deps ti=<TaskInstance: stock_grok_pipeline.call_grok_api scheduled__2026-01-05T16:00:00+00:00 [queued]>
[2026-01-06T16:04:47.194+0000] {taskinstance.py:2171} INFO - Starting attempt 1 of 2
[2026-01-06T16:04:47.214+0000] {taskinstance.py:2192} INFO - Executing <Task(PythonOperator): call_grok_api> on 2026-01-05 16:00:00+00:00
[2026-01-06T16:04:47.230+0000] {standard_task_runner.py:60} INFO - Started process 200 to run task
[2026-01-06T16:04:47.235+0000] {standard_task_runner.py:87} INFO - Running: ['***', 'tasks', 'run', 'stock_grok_pipeline', 'call_grok_api', 'scheduled__2026-01-05T16:00:00+00:00', '--job-id', '4', '--raw', '--subdir', 'DAGS_FOLDER/stock_grok_pipeline.py', '--cfg-path', '/tmp/tmp_y64tutb']
[2026-01-06T16:04:47.246+0000] {standard_task_runner.py:88} INFO - Job 4: Subtask call_grok_api
[2026-01-06T16:04:47.332+0000] {task_command.py:423} INFO - Running <TaskInstance: stock_grok_pipeline.call_grok_api scheduled__2026-01-05T16:00:00+00:00 [running]> on host 261f37d3c382
[2026-01-06T16:04:47.489+0000] {taskinstance.py:2481} INFO - Exporting env vars: AIRFLOW_CTX_DAG_OWNER='***' AIRFLOW_CTX_DAG_ID='stock_grok_pipeline' AIRFLOW_CTX_TASK_ID='call_grok_api' AIRFLOW_CTX_EXECUTION_DATE='2026-01-05T16:00:00+00:00' AIRFLOW_CTX_TRY_NUMBER='1' AIRFLOW_CTX_DAG_RUN_ID='scheduled__2026-01-05T16:00:00+00:00'
[2026-01-06T16:04:47.604+0000] {python.py:201} INFO - Done. Returned value was: None
[2026-01-06T16:04:47.621+0000] {taskinstance.py:1138} INFO - Marking task as SUCCESS. dag_id=stock_grok_pipeline, task_id=call_grok_api, execution_date=20260105T160000, start_date=20260106T160447, end_date=20260106T160447
[2026-01-06T16:04:47.688+0000] {local_task_job_runner.py:234} INFO - Task exited with return code 0
[2026-01-06T16:04:47.737+0000] {taskinstance.py:3281} INFO - 1 downstream tasks scheduled from follow-on schedule check
[2026-01-06T16:22:32.518+0000] {taskinstance.py:1957} INFO - Dependencies all met for dep_context=non-requeueable deps ti=<TaskInstance: stock_grok_pipeline.call_grok_api scheduled__2026-01-05T16:00:00+00:00 [queued]>
[2026-01-06T16:22:32.561+0000] {taskinstance.py:1957} INFO - Dependencies all met for dep_context=requeueable deps ti=<TaskInstance: stock_grok_pipeline.call_grok_api scheduled__2026-01-05T16:00:00+00:00 [queued]>
[2026-01-06T16:22:32.561+0000] {taskinstance.py:2171} INFO - Starting attempt 1 of 2
[2026-01-06T16:22:32.610+0000] {taskinstance.py:2192} INFO - Executing <Task(PythonOperator): call_grok_api> on 2026-01-05 16:00:00+00:00
[2026-01-06T16:22:32.648+0000] {standard_task_runner.py:60} INFO - Started process 228 to run task
[2026-01-06T16:22:32.672+0000] {standard_task_runner.py:87} INFO - Running: ['***', 'tasks', 'run', 'stock_grok_pipeline', 'call_grok_api', 'scheduled__2026-01-05T16:00:00+00:00', '--job-id', '4', '--raw', '--subdir', 'DAGS_FOLDER/stock_grok_pipeline.py', '--cfg-path', '/tmp/tmpwv9_dslm']
[2026-01-06T16:22:32.691+0000] {standard_task_runner.py:88} INFO - Job 4: Subtask call_grok_api
[2026-01-06T16:22:32.887+0000] {task_command.py:423} INFO - Running <TaskInstance: stock_grok_pipeline.call_grok_api scheduled__2026-01-05T16:00:00+00:00 [running]> on host fa2fa317ee9e
[2026-01-06T16:22:33.445+0000] {taskinstance.py:2481} INFO - Exporting env vars: AIRFLOW_CTX_DAG_OWNER='***' AIRFLOW_CTX_DAG_ID='stock_grok_pipeline' AIRFLOW_CTX_TASK_ID='call_grok_api' AIRFLOW_CTX_EXECUTION_DATE='2026-01-05T16:00:00+00:00' AIRFLOW_CTX_TRY_NUMBER='1' AIRFLOW_CTX_DAG_RUN_ID='scheduled__2026-01-05T16:00:00+00:00'
[2026-01-06T16:22:33.844+0000] {python.py:201} INFO - Done. Returned value was: None
[2026-01-06T16:22:33.928+0000] {taskinstance.py:1138} INFO - Marking task as SUCCESS. dag_id=stock_grok_pipeline, task_id=call_grok_api, execution_date=20260105T160000, start_date=20260106T162232, end_date=20260106T162233
[2026-01-06T16:22:34.060+0000] {local_task_job_runner.py:234} INFO - Task exited with return code 0
[2026-01-06T16:22:34.192+0000] {taskinstance.py:3281} INFO - 1 downstream tasks scheduled from follow-on schedule check
[2026-01-07T06:31:17.228+0000] {taskinstance.py:1957} INFO - Dependencies all met for dep_context=non-requeueable deps ti=<TaskInstance: stock_grok_pipeline.call_grok_api scheduled__2026-01-05T16:00:00+00:00 [queued]>
[2026-01-07T06:31:17.249+0000] {taskinstance.py:1957} INFO - Dependencies all met for dep_context=requeueable deps ti=<TaskInstance: stock_grok_pipeline.call_grok_api scheduled__2026-01-05T16:00:00+00:00 [queued]>
[2026-01-07T06:31:17.249+0000] {taskinstance.py:2171} INFO - Starting attempt 1 of 2
[2026-01-07T06:31:17.270+0000] {taskinstance.py:2192} INFO - Executing <Task(PythonOperator): call_grok_api> on 2026-01-05 16:00:00+00:00
[2026-01-07T06:31:17.283+0000] {standard_task_runner.py:60} INFO - Started process 7649 to run task
[2026-01-07T06:31:17.289+0000] {standard_task_runner.py:87} INFO - Running: ['***', 'tasks', 'run', 'stock_grok_pipeline', 'call_grok_api', 'scheduled__2026-01-05T16:00:00+00:00', '--job-id', '5', '--raw', '--subdir', 'DAGS_FOLDER/stock_grok_pipeline.py', '--cfg-path', '/tmp/tmppy0rj6t5']
[2026-01-07T06:31:17.299+0000] {standard_task_runner.py:88} INFO - Job 5: Subtask call_grok_api
[2026-01-07T06:31:17.404+0000] {task_command.py:423} INFO - Running <TaskInstance: stock_grok_pipeline.call_grok_api scheduled__2026-01-05T16:00:00+00:00 [running]> on host 24bf3341c062
[2026-01-07T06:31:17.573+0000] {taskinstance.py:2481} INFO - Exporting env vars: AIRFLOW_CTX_DAG_OWNER='***' AIRFLOW_CTX_DAG_ID='stock_grok_pipeline' AIRFLOW_CTX_TASK_ID='call_grok_api' AIRFLOW_CTX_EXECUTION_DATE='2026-01-05T16:00:00+00:00' AIRFLOW_CTX_TRY_NUMBER='1' AIRFLOW_CTX_DAG_RUN_ID='scheduled__2026-01-05T16:00:00+00:00'
[2026-01-07T06:31:17.681+0000] {python.py:201} INFO - Done. Returned value was: None
[2026-01-07T06:31:17.704+0000] {taskinstance.py:1138} INFO - Marking task as SUCCESS. dag_id=stock_grok_pipeline, task_id=call_grok_api, execution_date=20260105T160000, start_date=20260107T063117, end_date=20260107T063117
[2026-01-07T06:31:17.742+0000] {local_task_job_runner.py:234} INFO - Task exited with return code 0
[2026-01-07T06:31:17.803+0000] {taskinstance.py:3281} INFO - 1 downstream tasks scheduled from follow-on schedule check
