[2026-01-09T05:50:11.467+0000] {taskinstance.py:1957} INFO - Dependencies all met for dep_context=non-requeueable deps ti=<TaskInstance: stock_grok_pipeline.dbt_transform manual__2026-01-09T05:49:32.925890+00:00 [queued]>
[2026-01-09T05:50:11.485+0000] {taskinstance.py:1957} INFO - Dependencies all met for dep_context=requeueable deps ti=<TaskInstance: stock_grok_pipeline.dbt_transform manual__2026-01-09T05:49:32.925890+00:00 [queued]>
[2026-01-09T05:50:11.486+0000] {taskinstance.py:2171} INFO - Starting attempt 1 of 2
[2026-01-09T05:50:11.511+0000] {taskinstance.py:2192} INFO - Executing <Task(BashOperator): dbt_transform> on 2026-01-09 05:49:32.925890+00:00
[2026-01-09T05:50:11.525+0000] {standard_task_runner.py:60} INFO - Started process 773 to run task
[2026-01-09T05:50:11.531+0000] {standard_task_runner.py:87} INFO - Running: ['***', 'tasks', 'run', 'stock_grok_pipeline', 'dbt_transform', 'manual__2026-01-09T05:49:32.925890+00:00', '--job-id', '19', '--raw', '--subdir', 'DAGS_FOLDER/stock_grok_pipeline.py', '--cfg-path', '/tmp/tmpjd0rqmrr']
[2026-01-09T05:50:11.536+0000] {standard_task_runner.py:88} INFO - Job 19: Subtask dbt_transform
[2026-01-09T05:50:11.624+0000] {task_command.py:423} INFO - Running <TaskInstance: stock_grok_pipeline.dbt_transform manual__2026-01-09T05:49:32.925890+00:00 [running]> on host b3756c334e78
[2026-01-09T05:50:11.840+0000] {taskinstance.py:2481} INFO - Exporting env vars: AIRFLOW_CTX_DAG_OWNER='***' AIRFLOW_CTX_DAG_ID='stock_grok_pipeline' AIRFLOW_CTX_TASK_ID='dbt_transform' AIRFLOW_CTX_EXECUTION_DATE='2026-01-09T05:49:32.925890+00:00' AIRFLOW_CTX_TRY_NUMBER='1' AIRFLOW_CTX_DAG_RUN_ID='manual__2026-01-09T05:49:32.925890+00:00'
[2026-01-09T05:50:11.844+0000] {subprocess.py:63} INFO - Tmp dir root location: /tmp
[2026-01-09T05:50:11.845+0000] {subprocess.py:75} INFO - Running command: ['/usr/bin/bash', '-c', 'cd /dbt && dbt run --profiles-dir .']
[2026-01-09T05:50:11.890+0000] {subprocess.py:86} INFO - Output:
[2026-01-09T05:50:15.722+0000] {subprocess.py:93} INFO - [0m05:50:15  Running with dbt=1.8.8
[2026-01-09T05:50:15.961+0000] {subprocess.py:93} INFO - [0m05:50:15  [[33mWARNING[0m]: Deprecated functionality
[2026-01-09T05:50:15.961+0000] {subprocess.py:93} INFO - The `log-path` config in `dbt_project.yml` has been deprecated, and will no
[2026-01-09T05:50:15.961+0000] {subprocess.py:93} INFO - longer be supported in a future version of dbt-core. If you wish to write dbt
[2026-01-09T05:50:15.962+0000] {subprocess.py:93} INFO - logs to a custom directory, please use the --log-path CLI flag or DBT_LOG_PATH
[2026-01-09T05:50:15.962+0000] {subprocess.py:93} INFO - env var instead.
[2026-01-09T05:50:15.966+0000] {subprocess.py:93} INFO - [0m05:50:15  [[33mWARNING[0m]: Deprecated functionality
[2026-01-09T05:50:15.966+0000] {subprocess.py:93} INFO - The `target-path` config in `dbt_project.yml` has been deprecated, and will no
[2026-01-09T05:50:15.967+0000] {subprocess.py:93} INFO - longer be supported in a future version of dbt-core. If you wish to write dbt
[2026-01-09T05:50:15.967+0000] {subprocess.py:93} INFO - artifacts to a custom directory, please use the --target-path CLI flag or
[2026-01-09T05:50:15.970+0000] {subprocess.py:93} INFO - DBT_TARGET_PATH env var instead.
[2026-01-09T05:50:16.323+0000] {subprocess.py:93} INFO - [0m05:50:16  Registered adapter: postgres=1.9.1
[2026-01-09T05:50:16.357+0000] {subprocess.py:93} INFO - [0m05:50:16  Unable to do partial parsing because saved manifest not found. Starting full parse.
[2026-01-09T05:50:19.524+0000] {subprocess.py:93} INFO - [0m05:50:19  Found 3 models, 2 sources, 424 macros
[2026-01-09T05:50:19.529+0000] {subprocess.py:93} INFO - [0m05:50:19
[2026-01-09T05:50:19.768+0000] {subprocess.py:93} INFO - [0m05:50:19  Concurrency: 4 threads (target='dev')
[2026-01-09T05:50:19.768+0000] {subprocess.py:93} INFO - [0m05:50:19
[2026-01-09T05:50:19.798+0000] {subprocess.py:93} INFO - [0m05:50:19  1 of 3 START sql view model analytics.stg_grok_explanations .................... [RUN]
[2026-01-09T05:50:19.802+0000] {subprocess.py:93} INFO - [0m05:50:19  2 of 3 START sql view model analytics.stg_stock_prices ......................... [RUN]
[2026-01-09T05:50:20.413+0000] {subprocess.py:93} INFO - [0m05:50:20  2 of 3 OK created sql view model analytics.stg_stock_prices .................... [[32mCREATE VIEW[0m in 0.60s]
[2026-01-09T05:50:20.416+0000] {subprocess.py:93} INFO - [0m05:50:20  1 of 3 OK created sql view model analytics.stg_grok_explanations ............... [[32mCREATE VIEW[0m in 0.61s]
[2026-01-09T05:50:20.429+0000] {subprocess.py:93} INFO - [0m05:50:20  3 of 3 START sql table model analytics.fct_prices_with_grok .................... [RUN]
[2026-01-09T05:50:20.618+0000] {subprocess.py:93} INFO - [0m05:50:20  3 of 3 OK created sql table model analytics.fct_prices_with_grok ............... [[32mSELECT 20[0m in 0.19s]
[2026-01-09T05:50:20.655+0000] {subprocess.py:93} INFO - [0m05:50:20
[2026-01-09T05:50:20.656+0000] {subprocess.py:93} INFO - [0m05:50:20  Finished running 2 view models, 1 table model in 0 hours 0 minutes and 1.12 seconds (1.12s).
[2026-01-09T05:50:20.728+0000] {subprocess.py:93} INFO - [0m05:50:20
[2026-01-09T05:50:20.729+0000] {subprocess.py:93} INFO - [0m05:50:20  [32mCompleted successfully[0m
[2026-01-09T05:50:20.730+0000] {subprocess.py:93} INFO - [0m05:50:20
[2026-01-09T05:50:20.732+0000] {subprocess.py:93} INFO - [0m05:50:20  Done. PASS=3 WARN=0 ERROR=0 SKIP=0 TOTAL=3
[2026-01-09T05:50:21.372+0000] {subprocess.py:97} INFO - Command exited with return code 0
[2026-01-09T05:50:21.442+0000] {taskinstance.py:1138} INFO - Marking task as SUCCESS. dag_id=stock_grok_pipeline, task_id=dbt_transform, execution_date=20260109T054932, start_date=20260109T055011, end_date=20260109T055021
[2026-01-09T05:50:21.519+0000] {local_task_job_runner.py:234} INFO - Task exited with return code 0
[2026-01-09T05:50:21.560+0000] {taskinstance.py:3281} INFO - 1 downstream tasks scheduled from follow-on schedule check
