[2026-01-09T06:14:47.813+0000] {taskinstance.py:1957} INFO - Dependencies all met for dep_context=non-requeueable deps ti=<TaskInstance: stock_grok_pipeline.dbt_debug manual__2026-01-09T06:14:18.757593+00:00 [queued]>
[2026-01-09T06:14:47.828+0000] {taskinstance.py:1957} INFO - Dependencies all met for dep_context=requeueable deps ti=<TaskInstance: stock_grok_pipeline.dbt_debug manual__2026-01-09T06:14:18.757593+00:00 [queued]>
[2026-01-09T06:14:47.828+0000] {taskinstance.py:2171} INFO - Starting attempt 1 of 2
[2026-01-09T06:14:47.852+0000] {taskinstance.py:2192} INFO - Executing <Task(BashOperator): dbt_debug> on 2026-01-09 06:14:18.757593+00:00
[2026-01-09T06:14:47.864+0000] {standard_task_runner.py:60} INFO - Started process 493 to run task
[2026-01-09T06:14:47.870+0000] {standard_task_runner.py:87} INFO - Running: ['***', 'tasks', 'run', 'stock_grok_pipeline', 'dbt_debug', 'manual__2026-01-09T06:14:18.757593+00:00', '--job-id', '41', '--raw', '--subdir', 'DAGS_FOLDER/stock_grok_pipeline.py', '--cfg-path', '/tmp/tmpwi886ct6']
[2026-01-09T06:14:47.874+0000] {standard_task_runner.py:88} INFO - Job 41: Subtask dbt_debug
[2026-01-09T06:14:47.966+0000] {task_command.py:423} INFO - Running <TaskInstance: stock_grok_pipeline.dbt_debug manual__2026-01-09T06:14:18.757593+00:00 [running]> on host b3756c334e78
[2026-01-09T06:14:48.133+0000] {taskinstance.py:2481} INFO - Exporting env vars: AIRFLOW_CTX_DAG_OWNER='***' AIRFLOW_CTX_DAG_ID='stock_grok_pipeline' AIRFLOW_CTX_TASK_ID='dbt_debug' AIRFLOW_CTX_EXECUTION_DATE='2026-01-09T06:14:18.757593+00:00' AIRFLOW_CTX_TRY_NUMBER='1' AIRFLOW_CTX_DAG_RUN_ID='manual__2026-01-09T06:14:18.757593+00:00'
[2026-01-09T06:14:48.138+0000] {subprocess.py:63} INFO - Tmp dir root location: /tmp
[2026-01-09T06:14:48.139+0000] {subprocess.py:75} INFO - Running command: ['/usr/bin/bash', '-c', 'cd /dbt && dbt debug --profiles-dir .']
[2026-01-09T06:14:48.164+0000] {subprocess.py:86} INFO - Output:
[2026-01-09T06:14:51.136+0000] {subprocess.py:93} INFO - [0m06:14:51  Running with dbt=1.8.8
[2026-01-09T06:14:51.162+0000] {subprocess.py:93} INFO - [0m06:14:51  dbt version: 1.8.8
[2026-01-09T06:14:51.162+0000] {subprocess.py:93} INFO - [0m06:14:51  python version: 3.11.7
[2026-01-09T06:14:51.163+0000] {subprocess.py:93} INFO - [0m06:14:51  python path: /usr/local/bin/python
[2026-01-09T06:14:51.164+0000] {subprocess.py:93} INFO - [0m06:14:51  os info: Linux-6.14.0-37-generic-x86_64-with-glibc2.36
[2026-01-09T06:14:51.299+0000] {subprocess.py:93} INFO - [0m06:14:51  Using profiles dir at .
[2026-01-09T06:14:51.300+0000] {subprocess.py:93} INFO - [0m06:14:51  Using profiles.yml file at ./profiles.yml
[2026-01-09T06:14:51.301+0000] {subprocess.py:93} INFO - [0m06:14:51  Using dbt_project.yml file at /dbt/dbt_project.yml
[2026-01-09T06:14:51.302+0000] {subprocess.py:93} INFO - [0m06:14:51  adapter type: postgres
[2026-01-09T06:14:51.302+0000] {subprocess.py:93} INFO - [0m06:14:51  adapter version: 1.9.1
[2026-01-09T06:14:51.308+0000] {subprocess.py:93} INFO - [0m06:14:51  [[33mWARNING[0m]: Deprecated functionality
[2026-01-09T06:14:51.309+0000] {subprocess.py:93} INFO - The `log-path` config in `dbt_project.yml` has been deprecated, and will no
[2026-01-09T06:14:51.309+0000] {subprocess.py:93} INFO - longer be supported in a future version of dbt-core. If you wish to write dbt
[2026-01-09T06:14:51.309+0000] {subprocess.py:93} INFO - logs to a custom directory, please use the --log-path CLI flag or DBT_LOG_PATH
[2026-01-09T06:14:51.309+0000] {subprocess.py:93} INFO - env var instead.
[2026-01-09T06:14:51.309+0000] {subprocess.py:93} INFO - [0m06:14:51  [[33mWARNING[0m]: Deprecated functionality
[2026-01-09T06:14:51.309+0000] {subprocess.py:93} INFO - The `target-path` config in `dbt_project.yml` has been deprecated, and will no
[2026-01-09T06:14:51.310+0000] {subprocess.py:93} INFO - longer be supported in a future version of dbt-core. If you wish to write dbt
[2026-01-09T06:14:51.310+0000] {subprocess.py:93} INFO - artifacts to a custom directory, please use the --target-path CLI flag or
[2026-01-09T06:14:51.310+0000] {subprocess.py:93} INFO - DBT_TARGET_PATH env var instead.
[2026-01-09T06:14:51.480+0000] {subprocess.py:93} INFO - [0m06:14:51  Configuration:
[2026-01-09T06:14:51.481+0000] {subprocess.py:93} INFO - [0m06:14:51    profiles.yml file [[32mOK found and valid[0m]
[2026-01-09T06:14:51.482+0000] {subprocess.py:93} INFO - [0m06:14:51    dbt_project.yml file [[32mOK found and valid[0m]
[2026-01-09T06:14:51.483+0000] {subprocess.py:93} INFO - [0m06:14:51  Required dependencies:
[2026-01-09T06:14:51.494+0000] {subprocess.py:93} INFO - [0m06:14:51   - git [[32mOK found[0m]
[2026-01-09T06:14:51.495+0000] {subprocess.py:93} INFO - 
[2026-01-09T06:14:51.495+0000] {subprocess.py:93} INFO - [0m06:14:51  Connection:
[2026-01-09T06:14:51.496+0000] {subprocess.py:93} INFO - [0m06:14:51    host: postgres
[2026-01-09T06:14:51.496+0000] {subprocess.py:93} INFO - [0m06:14:51    port: 5432
[2026-01-09T06:14:51.497+0000] {subprocess.py:93} INFO - [0m06:14:51    user: ***
[2026-01-09T06:14:51.498+0000] {subprocess.py:93} INFO - [0m06:14:51    database: ***
[2026-01-09T06:14:51.499+0000] {subprocess.py:93} INFO - [0m06:14:51    schema: analytics
[2026-01-09T06:14:51.500+0000] {subprocess.py:93} INFO - [0m06:14:51    connect_timeout: 10
[2026-01-09T06:14:51.500+0000] {subprocess.py:93} INFO - [0m06:14:51    role: None
[2026-01-09T06:14:51.501+0000] {subprocess.py:93} INFO - [0m06:14:51    search_path: None
[2026-01-09T06:14:51.501+0000] {subprocess.py:93} INFO - [0m06:14:51    keepalives_idle: 0
[2026-01-09T06:14:51.502+0000] {subprocess.py:93} INFO - [0m06:14:51    sslmode: None
[2026-01-09T06:14:51.503+0000] {subprocess.py:93} INFO - [0m06:14:51    sslcert: None
[2026-01-09T06:14:51.503+0000] {subprocess.py:93} INFO - [0m06:14:51    sslkey: None
[2026-01-09T06:14:51.504+0000] {subprocess.py:93} INFO - [0m06:14:51    sslrootcert: None
[2026-01-09T06:14:51.504+0000] {subprocess.py:93} INFO - [0m06:14:51    application_name: dbt
[2026-01-09T06:14:51.505+0000] {subprocess.py:93} INFO - [0m06:14:51    retries: 1
[2026-01-09T06:14:51.506+0000] {subprocess.py:93} INFO - [0m06:14:51  Registered adapter: postgres=1.9.1
[2026-01-09T06:14:51.585+0000] {subprocess.py:93} INFO - [0m06:14:51    Connection test: [[32mOK connection ok[0m]
[2026-01-09T06:14:51.586+0000] {subprocess.py:93} INFO - 
[2026-01-09T06:14:51.586+0000] {subprocess.py:93} INFO - [0m06:14:51  [32mAll checks passed![0m
[2026-01-09T06:14:52.020+0000] {subprocess.py:97} INFO - Command exited with return code 0
[2026-01-09T06:14:52.085+0000] {taskinstance.py:1138} INFO - Marking task as SUCCESS. dag_id=stock_grok_pipeline, task_id=dbt_debug, execution_date=20260109T061418, start_date=20260109T061447, end_date=20260109T061452
[2026-01-09T06:14:52.133+0000] {local_task_job_runner.py:234} INFO - Task exited with return code 0
[2026-01-09T06:14:52.187+0000] {taskinstance.py:3281} INFO - 0 downstream tasks scheduled from follow-on schedule check
