[2026-01-09T05:50:02.073+0000] {taskinstance.py:1957} INFO - Dependencies all met for dep_context=non-requeueable deps ti=<TaskInstance: stock_grok_pipeline.dbt_debug manual__2026-01-09T05:49:32.925890+00:00 [queued]>
[2026-01-09T05:50:02.087+0000] {taskinstance.py:1957} INFO - Dependencies all met for dep_context=requeueable deps ti=<TaskInstance: stock_grok_pipeline.dbt_debug manual__2026-01-09T05:49:32.925890+00:00 [queued]>
[2026-01-09T05:50:02.088+0000] {taskinstance.py:2171} INFO - Starting attempt 1 of 2
[2026-01-09T05:50:02.108+0000] {taskinstance.py:2192} INFO - Executing <Task(BashOperator): dbt_debug> on 2026-01-09 05:49:32.925890+00:00
[2026-01-09T05:50:02.121+0000] {standard_task_runner.py:60} INFO - Started process 701 to run task
[2026-01-09T05:50:02.128+0000] {standard_task_runner.py:87} INFO - Running: ['***', 'tasks', 'run', 'stock_grok_pipeline', 'dbt_debug', 'manual__2026-01-09T05:49:32.925890+00:00', '--job-id', '17', '--raw', '--subdir', 'DAGS_FOLDER/stock_grok_pipeline.py', '--cfg-path', '/tmp/tmpihf0e_au']
[2026-01-09T05:50:02.134+0000] {standard_task_runner.py:88} INFO - Job 17: Subtask dbt_debug
[2026-01-09T05:50:02.231+0000] {task_command.py:423} INFO - Running <TaskInstance: stock_grok_pipeline.dbt_debug manual__2026-01-09T05:49:32.925890+00:00 [running]> on host b3756c334e78
[2026-01-09T05:50:02.391+0000] {taskinstance.py:2481} INFO - Exporting env vars: AIRFLOW_CTX_DAG_OWNER='***' AIRFLOW_CTX_DAG_ID='stock_grok_pipeline' AIRFLOW_CTX_TASK_ID='dbt_debug' AIRFLOW_CTX_EXECUTION_DATE='2026-01-09T05:49:32.925890+00:00' AIRFLOW_CTX_TRY_NUMBER='1' AIRFLOW_CTX_DAG_RUN_ID='manual__2026-01-09T05:49:32.925890+00:00'
[2026-01-09T05:50:02.394+0000] {subprocess.py:63} INFO - Tmp dir root location: /tmp
[2026-01-09T05:50:02.395+0000] {subprocess.py:75} INFO - Running command: ['/usr/bin/bash', '-c', 'cd /dbt && dbt debug --profiles-dir .']
[2026-01-09T05:50:02.425+0000] {subprocess.py:86} INFO - Output:
[2026-01-09T05:50:06.185+0000] {subprocess.py:93} INFO - [0m05:50:06  Running with dbt=1.8.8
[2026-01-09T05:50:06.209+0000] {subprocess.py:93} INFO - [0m05:50:06  dbt version: 1.8.8
[2026-01-09T05:50:06.210+0000] {subprocess.py:93} INFO - [0m05:50:06  python version: 3.11.7
[2026-01-09T05:50:06.211+0000] {subprocess.py:93} INFO - [0m05:50:06  python path: /usr/local/bin/python
[2026-01-09T05:50:06.212+0000] {subprocess.py:93} INFO - [0m05:50:06  os info: Linux-6.14.0-37-generic-x86_64-with-glibc2.36
[2026-01-09T05:50:06.338+0000] {subprocess.py:93} INFO - [0m05:50:06  Using profiles dir at .
[2026-01-09T05:50:06.339+0000] {subprocess.py:93} INFO - [0m05:50:06  Using profiles.yml file at ./profiles.yml
[2026-01-09T05:50:06.340+0000] {subprocess.py:93} INFO - [0m05:50:06  Using dbt_project.yml file at /dbt/dbt_project.yml
[2026-01-09T05:50:06.341+0000] {subprocess.py:93} INFO - [0m05:50:06  adapter type: postgres
[2026-01-09T05:50:06.342+0000] {subprocess.py:93} INFO - [0m05:50:06  adapter version: 1.9.1
[2026-01-09T05:50:06.347+0000] {subprocess.py:93} INFO - [0m05:50:06  [[33mWARNING[0m]: Deprecated functionality
[2026-01-09T05:50:06.348+0000] {subprocess.py:93} INFO - The `log-path` config in `dbt_project.yml` has been deprecated, and will no
[2026-01-09T05:50:06.348+0000] {subprocess.py:93} INFO - longer be supported in a future version of dbt-core. If you wish to write dbt
[2026-01-09T05:50:06.348+0000] {subprocess.py:93} INFO - logs to a custom directory, please use the --log-path CLI flag or DBT_LOG_PATH
[2026-01-09T05:50:06.348+0000] {subprocess.py:93} INFO - env var instead.
[2026-01-09T05:50:06.348+0000] {subprocess.py:93} INFO - [0m05:50:06  [[33mWARNING[0m]: Deprecated functionality
[2026-01-09T05:50:06.348+0000] {subprocess.py:93} INFO - The `target-path` config in `dbt_project.yml` has been deprecated, and will no
[2026-01-09T05:50:06.349+0000] {subprocess.py:93} INFO - longer be supported in a future version of dbt-core. If you wish to write dbt
[2026-01-09T05:50:06.349+0000] {subprocess.py:93} INFO - artifacts to a custom directory, please use the --target-path CLI flag or
[2026-01-09T05:50:06.349+0000] {subprocess.py:93} INFO - DBT_TARGET_PATH env var instead.
[2026-01-09T05:50:06.567+0000] {subprocess.py:93} INFO - [0m05:50:06  Configuration:
[2026-01-09T05:50:06.570+0000] {subprocess.py:93} INFO - [0m05:50:06    profiles.yml file [[32mOK found and valid[0m]
[2026-01-09T05:50:06.571+0000] {subprocess.py:93} INFO - [0m05:50:06    dbt_project.yml file [[32mOK found and valid[0m]
[2026-01-09T05:50:06.573+0000] {subprocess.py:93} INFO - [0m05:50:06  Required dependencies:
[2026-01-09T05:50:06.615+0000] {subprocess.py:93} INFO - [0m05:50:06   - git [[32mOK found[0m]
[2026-01-09T05:50:06.616+0000] {subprocess.py:93} INFO - 
[2026-01-09T05:50:06.616+0000] {subprocess.py:93} INFO - [0m05:50:06  Connection:
[2026-01-09T05:50:06.617+0000] {subprocess.py:93} INFO - [0m05:50:06    host: postgres
[2026-01-09T05:50:06.619+0000] {subprocess.py:93} INFO - [0m05:50:06    port: 5432
[2026-01-09T05:50:06.622+0000] {subprocess.py:93} INFO - [0m05:50:06    user: ***
[2026-01-09T05:50:06.623+0000] {subprocess.py:93} INFO - [0m05:50:06    database: ***
[2026-01-09T05:50:06.625+0000] {subprocess.py:93} INFO - [0m05:50:06    schema: analytics
[2026-01-09T05:50:06.627+0000] {subprocess.py:93} INFO - [0m05:50:06    connect_timeout: 10
[2026-01-09T05:50:06.630+0000] {subprocess.py:93} INFO - [0m05:50:06    role: None
[2026-01-09T05:50:06.631+0000] {subprocess.py:93} INFO - [0m05:50:06    search_path: None
[2026-01-09T05:50:06.632+0000] {subprocess.py:93} INFO - [0m05:50:06    keepalives_idle: 0
[2026-01-09T05:50:06.634+0000] {subprocess.py:93} INFO - [0m05:50:06    sslmode: None
[2026-01-09T05:50:06.635+0000] {subprocess.py:93} INFO - [0m05:50:06    sslcert: None
[2026-01-09T05:50:06.637+0000] {subprocess.py:93} INFO - [0m05:50:06    sslkey: None
[2026-01-09T05:50:06.639+0000] {subprocess.py:93} INFO - [0m05:50:06    sslrootcert: None
[2026-01-09T05:50:06.641+0000] {subprocess.py:93} INFO - [0m05:50:06    application_name: dbt
[2026-01-09T05:50:06.644+0000] {subprocess.py:93} INFO - [0m05:50:06    retries: 1
[2026-01-09T05:50:06.646+0000] {subprocess.py:93} INFO - [0m05:50:06  Registered adapter: postgres=1.9.1
[2026-01-09T05:50:06.884+0000] {subprocess.py:93} INFO - [0m05:50:06    Connection test: [[32mOK connection ok[0m]
[2026-01-09T05:50:06.887+0000] {subprocess.py:93} INFO - 
[2026-01-09T05:50:06.888+0000] {subprocess.py:93} INFO - [0m05:50:06  [32mAll checks passed![0m
[2026-01-09T05:50:07.413+0000] {subprocess.py:97} INFO - Command exited with return code 0
[2026-01-09T05:50:07.471+0000] {taskinstance.py:1138} INFO - Marking task as SUCCESS. dag_id=stock_grok_pipeline, task_id=dbt_debug, execution_date=20260109T054932, start_date=20260109T055002, end_date=20260109T055007
[2026-01-09T05:50:07.509+0000] {local_task_job_runner.py:234} INFO - Task exited with return code 0
[2026-01-09T05:50:07.566+0000] {taskinstance.py:3281} INFO - 1 downstream tasks scheduled from follow-on schedule check
