[2026-01-05T04:37:38.440+0000] {taskinstance.py:1957} INFO - Dependencies all met for dep_context=non-requeueable deps ti=<TaskInstance: stock_grok_pipeline.call_grok_api scheduled__2026-01-01T16:00:00+00:00 [queued]>
[2026-01-05T04:37:38.458+0000] {taskinstance.py:1957} INFO - Dependencies all met for dep_context=requeueable deps ti=<TaskInstance: stock_grok_pipeline.call_grok_api scheduled__2026-01-01T16:00:00+00:00 [queued]>
[2026-01-05T04:37:38.459+0000] {taskinstance.py:2171} INFO - Starting attempt 1 of 2
[2026-01-05T04:37:38.483+0000] {taskinstance.py:2192} INFO - Executing <Task(PythonOperator): call_grok_api> on 2026-01-01 16:00:00+00:00
[2026-01-05T04:37:38.499+0000] {standard_task_runner.py:60} INFO - Started process 215 to run task
[2026-01-05T04:37:38.505+0000] {standard_task_runner.py:87} INFO - Running: ['***', 'tasks', 'run', 'stock_grok_pipeline', 'call_grok_api', 'scheduled__2026-01-01T16:00:00+00:00', '--job-id', '3', '--raw', '--subdir', 'DAGS_FOLDER/stock_grok_pipeline.py', '--cfg-path', '/tmp/tmpg57bqzqs']
[2026-01-05T04:37:38.511+0000] {standard_task_runner.py:88} INFO - Job 3: Subtask call_grok_api
[2026-01-05T04:37:38.610+0000] {task_command.py:423} INFO - Running <TaskInstance: stock_grok_pipeline.call_grok_api scheduled__2026-01-01T16:00:00+00:00 [running]> on host d515fa3a7493
[2026-01-05T04:37:38.787+0000] {taskinstance.py:2481} INFO - Exporting env vars: AIRFLOW_CTX_DAG_OWNER='***' AIRFLOW_CTX_DAG_ID='stock_grok_pipeline' AIRFLOW_CTX_TASK_ID='call_grok_api' AIRFLOW_CTX_EXECUTION_DATE='2026-01-01T16:00:00+00:00' AIRFLOW_CTX_TRY_NUMBER='1' AIRFLOW_CTX_DAG_RUN_ID='scheduled__2026-01-01T16:00:00+00:00'
[2026-01-05T04:37:38.940+0000] {python.py:201} INFO - Done. Returned value was: None
[2026-01-05T04:37:38.967+0000] {taskinstance.py:1138} INFO - Marking task as SUCCESS. dag_id=stock_grok_pipeline, task_id=call_grok_api, execution_date=20260101T160000, start_date=20260105T043738, end_date=20260105T043738
[2026-01-05T04:37:39.040+0000] {local_task_job_runner.py:234} INFO - Task exited with return code 0
[2026-01-05T04:37:39.100+0000] {taskinstance.py:3281} INFO - 0 downstream tasks scheduled from follow-on schedule check
[2026-01-05T05:10:56.653+0000] {taskinstance.py:1957} INFO - Dependencies all met for dep_context=non-requeueable deps ti=<TaskInstance: stock_grok_pipeline.call_grok_api scheduled__2026-01-01T16:00:00+00:00 [queued]>
[2026-01-05T05:10:56.668+0000] {taskinstance.py:1957} INFO - Dependencies all met for dep_context=requeueable deps ti=<TaskInstance: stock_grok_pipeline.call_grok_api scheduled__2026-01-01T16:00:00+00:00 [queued]>
[2026-01-05T05:10:56.668+0000] {taskinstance.py:2171} INFO - Starting attempt 1 of 2
[2026-01-05T05:10:56.688+0000] {taskinstance.py:2192} INFO - Executing <Task(PythonOperator): call_grok_api> on 2026-01-01 16:00:00+00:00
[2026-01-05T05:10:56.705+0000] {standard_task_runner.py:60} INFO - Started process 218 to run task
[2026-01-05T05:10:56.710+0000] {standard_task_runner.py:87} INFO - Running: ['***', 'tasks', 'run', 'stock_grok_pipeline', 'call_grok_api', 'scheduled__2026-01-01T16:00:00+00:00', '--job-id', '4', '--raw', '--subdir', 'DAGS_FOLDER/stock_grok_pipeline.py', '--cfg-path', '/tmp/tmp0pknm9d4']
[2026-01-05T05:10:56.716+0000] {standard_task_runner.py:88} INFO - Job 4: Subtask call_grok_api
[2026-01-05T05:10:56.823+0000] {task_command.py:423} INFO - Running <TaskInstance: stock_grok_pipeline.call_grok_api scheduled__2026-01-01T16:00:00+00:00 [running]> on host cbd2c1ec67e8
[2026-01-05T05:10:56.997+0000] {taskinstance.py:2481} INFO - Exporting env vars: AIRFLOW_CTX_DAG_OWNER='***' AIRFLOW_CTX_DAG_ID='stock_grok_pipeline' AIRFLOW_CTX_TASK_ID='call_grok_api' AIRFLOW_CTX_EXECUTION_DATE='2026-01-01T16:00:00+00:00' AIRFLOW_CTX_TRY_NUMBER='1' AIRFLOW_CTX_DAG_RUN_ID='scheduled__2026-01-01T16:00:00+00:00'
[2026-01-05T05:10:57.134+0000] {python.py:201} INFO - Done. Returned value was: None
[2026-01-05T05:10:57.158+0000] {taskinstance.py:1138} INFO - Marking task as SUCCESS. dag_id=stock_grok_pipeline, task_id=call_grok_api, execution_date=20260101T160000, start_date=20260105T051056, end_date=20260105T051057
[2026-01-05T05:10:57.205+0000] {local_task_job_runner.py:234} INFO - Task exited with return code 0
[2026-01-05T05:10:57.272+0000] {taskinstance.py:3281} INFO - 1 downstream tasks scheduled from follow-on schedule check
[2026-01-05T06:54:27.447+0000] {taskinstance.py:1957} INFO - Dependencies all met for dep_context=non-requeueable deps ti=<TaskInstance: stock_grok_pipeline.call_grok_api scheduled__2026-01-01T16:00:00+00:00 [queued]>
[2026-01-05T06:54:27.464+0000] {taskinstance.py:1957} INFO - Dependencies all met for dep_context=requeueable deps ti=<TaskInstance: stock_grok_pipeline.call_grok_api scheduled__2026-01-01T16:00:00+00:00 [queued]>
[2026-01-05T06:54:27.464+0000] {taskinstance.py:2171} INFO - Starting attempt 1 of 2
[2026-01-05T06:54:27.487+0000] {taskinstance.py:2192} INFO - Executing <Task(PythonOperator): call_grok_api> on 2026-01-01 16:00:00+00:00
[2026-01-05T06:54:27.501+0000] {standard_task_runner.py:60} INFO - Started process 411 to run task
[2026-01-05T06:54:27.507+0000] {standard_task_runner.py:87} INFO - Running: ['***', 'tasks', 'run', 'stock_grok_pipeline', 'call_grok_api', 'scheduled__2026-01-01T16:00:00+00:00', '--job-id', '6', '--raw', '--subdir', 'DAGS_FOLDER/stock_grok_pipeline.py', '--cfg-path', '/tmp/tmprq4kcs8h']
[2026-01-05T06:54:27.518+0000] {standard_task_runner.py:88} INFO - Job 6: Subtask call_grok_api
[2026-01-05T06:54:27.615+0000] {task_command.py:423} INFO - Running <TaskInstance: stock_grok_pipeline.call_grok_api scheduled__2026-01-01T16:00:00+00:00 [running]> on host cb3ca8cc5cc5
[2026-01-05T06:54:27.792+0000] {taskinstance.py:2481} INFO - Exporting env vars: AIRFLOW_CTX_DAG_OWNER='***' AIRFLOW_CTX_DAG_ID='stock_grok_pipeline' AIRFLOW_CTX_TASK_ID='call_grok_api' AIRFLOW_CTX_EXECUTION_DATE='2026-01-01T16:00:00+00:00' AIRFLOW_CTX_TRY_NUMBER='1' AIRFLOW_CTX_DAG_RUN_ID='scheduled__2026-01-01T16:00:00+00:00'
[2026-01-05T06:54:27.916+0000] {python.py:201} INFO - Done. Returned value was: None
[2026-01-05T06:54:27.944+0000] {taskinstance.py:1138} INFO - Marking task as SUCCESS. dag_id=stock_grok_pipeline, task_id=call_grok_api, execution_date=20260101T160000, start_date=20260105T065427, end_date=20260105T065427
[2026-01-05T06:54:27.998+0000] {local_task_job_runner.py:234} INFO - Task exited with return code 0
[2026-01-05T06:54:28.057+0000] {taskinstance.py:3281} INFO - 1 downstream tasks scheduled from follow-on schedule check
