[2026-01-09T06:00:20.244+0000] {taskinstance.py:1957} INFO - Dependencies all met for dep_context=non-requeueable deps ti=<TaskInstance: stock_grok_pipeline.dbt_debug manual__2026-01-09T05:59:50.632139+00:00 [queued]>
[2026-01-09T06:00:20.264+0000] {taskinstance.py:1957} INFO - Dependencies all met for dep_context=requeueable deps ti=<TaskInstance: stock_grok_pipeline.dbt_debug manual__2026-01-09T05:59:50.632139+00:00 [queued]>
[2026-01-09T06:00:20.264+0000] {taskinstance.py:2171} INFO - Starting attempt 1 of 2
[2026-01-09T06:00:20.290+0000] {taskinstance.py:2192} INFO - Executing <Task(BashOperator): dbt_debug> on 2026-01-09 05:59:50.632139+00:00
[2026-01-09T06:00:20.306+0000] {standard_task_runner.py:60} INFO - Started process 561 to run task
[2026-01-09T06:00:20.313+0000] {standard_task_runner.py:87} INFO - Running: ['***', 'tasks', 'run', 'stock_grok_pipeline', 'dbt_debug', 'manual__2026-01-09T05:59:50.632139+00:00', '--job-id', '27', '--raw', '--subdir', 'DAGS_FOLDER/stock_grok_pipeline.py', '--cfg-path', '/tmp/tmpo7npu1ru']
[2026-01-09T06:00:20.317+0000] {standard_task_runner.py:88} INFO - Job 27: Subtask dbt_debug
[2026-01-09T06:00:20.420+0000] {task_command.py:423} INFO - Running <TaskInstance: stock_grok_pipeline.dbt_debug manual__2026-01-09T05:59:50.632139+00:00 [running]> on host b3756c334e78
[2026-01-09T06:00:20.646+0000] {taskinstance.py:2481} INFO - Exporting env vars: AIRFLOW_CTX_DAG_OWNER='***' AIRFLOW_CTX_DAG_ID='stock_grok_pipeline' AIRFLOW_CTX_TASK_ID='dbt_debug' AIRFLOW_CTX_EXECUTION_DATE='2026-01-09T05:59:50.632139+00:00' AIRFLOW_CTX_TRY_NUMBER='1' AIRFLOW_CTX_DAG_RUN_ID='manual__2026-01-09T05:59:50.632139+00:00'
[2026-01-09T06:00:20.650+0000] {subprocess.py:63} INFO - Tmp dir root location: /tmp
[2026-01-09T06:00:20.651+0000] {subprocess.py:75} INFO - Running command: ['/usr/bin/bash', '-c', 'cd /dbt && dbt debug --profiles-dir .']
[2026-01-09T06:00:20.681+0000] {subprocess.py:86} INFO - Output:
[2026-01-09T06:00:24.174+0000] {subprocess.py:93} INFO - [0m06:00:24  Running with dbt=1.8.8
[2026-01-09T06:00:24.194+0000] {subprocess.py:93} INFO - [0m06:00:24  dbt version: 1.8.8
[2026-01-09T06:00:24.195+0000] {subprocess.py:93} INFO - [0m06:00:24  python version: 3.11.7
[2026-01-09T06:00:24.196+0000] {subprocess.py:93} INFO - [0m06:00:24  python path: /usr/local/bin/python
[2026-01-09T06:00:24.196+0000] {subprocess.py:93} INFO - [0m06:00:24  os info: Linux-6.14.0-37-generic-x86_64-with-glibc2.36
[2026-01-09T06:00:24.328+0000] {subprocess.py:93} INFO - [0m06:00:24  Using profiles dir at .
[2026-01-09T06:00:24.329+0000] {subprocess.py:93} INFO - [0m06:00:24  Using profiles.yml file at ./profiles.yml
[2026-01-09T06:00:24.329+0000] {subprocess.py:93} INFO - [0m06:00:24  Using dbt_project.yml file at /dbt/dbt_project.yml
[2026-01-09T06:00:24.330+0000] {subprocess.py:93} INFO - [0m06:00:24  adapter type: postgres
[2026-01-09T06:00:24.333+0000] {subprocess.py:93} INFO - [0m06:00:24  adapter version: 1.9.1
[2026-01-09T06:00:24.341+0000] {subprocess.py:93} INFO - [0m06:00:24  [[33mWARNING[0m]: Deprecated functionality
[2026-01-09T06:00:24.342+0000] {subprocess.py:93} INFO - The `log-path` config in `dbt_project.yml` has been deprecated, and will no
[2026-01-09T06:00:24.342+0000] {subprocess.py:93} INFO - longer be supported in a future version of dbt-core. If you wish to write dbt
[2026-01-09T06:00:24.342+0000] {subprocess.py:93} INFO - logs to a custom directory, please use the --log-path CLI flag or DBT_LOG_PATH
[2026-01-09T06:00:24.343+0000] {subprocess.py:93} INFO - env var instead.
[2026-01-09T06:00:24.343+0000] {subprocess.py:93} INFO - [0m06:00:24  [[33mWARNING[0m]: Deprecated functionality
[2026-01-09T06:00:24.344+0000] {subprocess.py:93} INFO - The `target-path` config in `dbt_project.yml` has been deprecated, and will no
[2026-01-09T06:00:24.344+0000] {subprocess.py:93} INFO - longer be supported in a future version of dbt-core. If you wish to write dbt
[2026-01-09T06:00:24.344+0000] {subprocess.py:93} INFO - artifacts to a custom directory, please use the --target-path CLI flag or
[2026-01-09T06:00:24.345+0000] {subprocess.py:93} INFO - DBT_TARGET_PATH env var instead.
[2026-01-09T06:00:24.529+0000] {subprocess.py:93} INFO - [0m06:00:24  Configuration:
[2026-01-09T06:00:24.530+0000] {subprocess.py:93} INFO - [0m06:00:24    profiles.yml file [[32mOK found and valid[0m]
[2026-01-09T06:00:24.531+0000] {subprocess.py:93} INFO - [0m06:00:24    dbt_project.yml file [[32mOK found and valid[0m]
[2026-01-09T06:00:24.531+0000] {subprocess.py:93} INFO - [0m06:00:24  Required dependencies:
[2026-01-09T06:00:24.548+0000] {subprocess.py:93} INFO - [0m06:00:24   - git [[32mOK found[0m]
[2026-01-09T06:00:24.548+0000] {subprocess.py:93} INFO - 
[2026-01-09T06:00:24.549+0000] {subprocess.py:93} INFO - [0m06:00:24  Connection:
[2026-01-09T06:00:24.549+0000] {subprocess.py:93} INFO - [0m06:00:24    host: postgres
[2026-01-09T06:00:24.550+0000] {subprocess.py:93} INFO - [0m06:00:24    port: 5432
[2026-01-09T06:00:24.550+0000] {subprocess.py:93} INFO - [0m06:00:24    user: ***
[2026-01-09T06:00:24.551+0000] {subprocess.py:93} INFO - [0m06:00:24    database: ***
[2026-01-09T06:00:24.552+0000] {subprocess.py:93} INFO - [0m06:00:24    schema: analytics
[2026-01-09T06:00:24.553+0000] {subprocess.py:93} INFO - [0m06:00:24    connect_timeout: 10
[2026-01-09T06:00:24.554+0000] {subprocess.py:93} INFO - [0m06:00:24    role: None
[2026-01-09T06:00:24.555+0000] {subprocess.py:93} INFO - [0m06:00:24    search_path: None
[2026-01-09T06:00:24.555+0000] {subprocess.py:93} INFO - [0m06:00:24    keepalives_idle: 0
[2026-01-09T06:00:24.556+0000] {subprocess.py:93} INFO - [0m06:00:24    sslmode: None
[2026-01-09T06:00:24.557+0000] {subprocess.py:93} INFO - [0m06:00:24    sslcert: None
[2026-01-09T06:00:24.558+0000] {subprocess.py:93} INFO - [0m06:00:24    sslkey: None
[2026-01-09T06:00:24.558+0000] {subprocess.py:93} INFO - [0m06:00:24    sslrootcert: None
[2026-01-09T06:00:24.559+0000] {subprocess.py:93} INFO - [0m06:00:24    application_name: dbt
[2026-01-09T06:00:24.560+0000] {subprocess.py:93} INFO - [0m06:00:24    retries: 1
[2026-01-09T06:00:24.562+0000] {subprocess.py:93} INFO - [0m06:00:24  Registered adapter: postgres=1.9.1
[2026-01-09T06:00:24.641+0000] {subprocess.py:93} INFO - [0m06:00:24    Connection test: [[32mOK connection ok[0m]
[2026-01-09T06:00:24.642+0000] {subprocess.py:93} INFO - 
[2026-01-09T06:00:24.642+0000] {subprocess.py:93} INFO - [0m06:00:24  [32mAll checks passed![0m
[2026-01-09T06:00:25.082+0000] {subprocess.py:97} INFO - Command exited with return code 0
[2026-01-09T06:00:25.132+0000] {taskinstance.py:1138} INFO - Marking task as SUCCESS. dag_id=stock_grok_pipeline, task_id=dbt_debug, execution_date=20260109T055950, start_date=20260109T060020, end_date=20260109T060025
[2026-01-09T06:00:25.180+0000] {local_task_job_runner.py:234} INFO - Task exited with return code 0
[2026-01-09T06:00:25.226+0000] {taskinstance.py:3281} INFO - 1 downstream tasks scheduled from follow-on schedule check
