[2026-01-09T06:07:49.159+0000] {taskinstance.py:1957} INFO - Dependencies all met for dep_context=non-requeueable deps ti=<TaskInstance: stock_grok_pipeline.dbt_deps manual__2026-01-09T06:07:27.042998+00:00 [queued]>
[2026-01-09T06:07:49.173+0000] {taskinstance.py:1957} INFO - Dependencies all met for dep_context=requeueable deps ti=<TaskInstance: stock_grok_pipeline.dbt_deps manual__2026-01-09T06:07:27.042998+00:00 [queued]>
[2026-01-09T06:07:49.174+0000] {taskinstance.py:2171} INFO - Starting attempt 1 of 2
[2026-01-09T06:07:49.193+0000] {taskinstance.py:2192} INFO - Executing <Task(BashOperator): dbt_deps> on 2026-01-09 06:07:27.042998+00:00
[2026-01-09T06:07:49.205+0000] {standard_task_runner.py:60} INFO - Started process 647 to run task
[2026-01-09T06:07:49.210+0000] {standard_task_runner.py:87} INFO - Running: ['***', 'tasks', 'run', 'stock_grok_pipeline', 'dbt_deps', 'manual__2026-01-09T06:07:27.042998+00:00', '--job-id', '33', '--raw', '--subdir', 'DAGS_FOLDER/stock_grok_pipeline.py', '--cfg-path', '/tmp/tmpb3ckad08']
[2026-01-09T06:07:49.216+0000] {standard_task_runner.py:88} INFO - Job 33: Subtask dbt_deps
[2026-01-09T06:07:49.298+0000] {task_command.py:423} INFO - Running <TaskInstance: stock_grok_pipeline.dbt_deps manual__2026-01-09T06:07:27.042998+00:00 [running]> on host b3756c334e78
[2026-01-09T06:07:49.441+0000] {taskinstance.py:2481} INFO - Exporting env vars: AIRFLOW_CTX_DAG_OWNER='***' AIRFLOW_CTX_DAG_ID='stock_grok_pipeline' AIRFLOW_CTX_TASK_ID='dbt_deps' AIRFLOW_CTX_EXECUTION_DATE='2026-01-09T06:07:27.042998+00:00' AIRFLOW_CTX_TRY_NUMBER='1' AIRFLOW_CTX_DAG_RUN_ID='manual__2026-01-09T06:07:27.042998+00:00'
[2026-01-09T06:07:49.446+0000] {subprocess.py:63} INFO - Tmp dir root location: /tmp
[2026-01-09T06:07:49.447+0000] {subprocess.py:75} INFO - Running command: ['/usr/bin/bash', '-c', 'cd /dbt && dbt deps --profiles-dir . || true']
[2026-01-09T06:07:49.472+0000] {subprocess.py:86} INFO - Output:
[2026-01-09T06:07:52.168+0000] {subprocess.py:93} INFO - [0m06:07:52  Running with dbt=1.8.8
[2026-01-09T06:07:52.177+0000] {subprocess.py:93} INFO - [0m06:07:52  [[33mWARNING[0m]: Deprecated functionality
[2026-01-09T06:07:52.177+0000] {subprocess.py:93} INFO - The `log-path` config in `dbt_project.yml` has been deprecated, and will no
[2026-01-09T06:07:52.177+0000] {subprocess.py:93} INFO - longer be supported in a future version of dbt-core. If you wish to write dbt
[2026-01-09T06:07:52.178+0000] {subprocess.py:93} INFO - logs to a custom directory, please use the --log-path CLI flag or DBT_LOG_PATH
[2026-01-09T06:07:52.178+0000] {subprocess.py:93} INFO - env var instead.
[2026-01-09T06:07:52.178+0000] {subprocess.py:93} INFO - [0m06:07:52  [[33mWARNING[0m]: Deprecated functionality
[2026-01-09T06:07:52.178+0000] {subprocess.py:93} INFO - The `target-path` config in `dbt_project.yml` has been deprecated, and will no
[2026-01-09T06:07:52.178+0000] {subprocess.py:93} INFO - longer be supported in a future version of dbt-core. If you wish to write dbt
[2026-01-09T06:07:52.178+0000] {subprocess.py:93} INFO - artifacts to a custom directory, please use the --target-path CLI flag or
[2026-01-09T06:07:52.178+0000] {subprocess.py:93} INFO - DBT_TARGET_PATH env var instead.
[2026-01-09T06:07:52.379+0000] {subprocess.py:93} INFO - [0m06:07:52  Warning: No packages were found in packages.yml
[2026-01-09T06:07:52.380+0000] {subprocess.py:93} INFO - [0m06:07:52  Warning: No packages were found in packages.yml
[2026-01-09T06:07:52.801+0000] {subprocess.py:97} INFO - Command exited with return code 0
[2026-01-09T06:07:52.847+0000] {taskinstance.py:1138} INFO - Marking task as SUCCESS. dag_id=stock_grok_pipeline, task_id=dbt_deps, execution_date=20260109T060727, start_date=20260109T060749, end_date=20260109T060752
[2026-01-09T06:07:52.913+0000] {local_task_job_runner.py:234} INFO - Task exited with return code 0
[2026-01-09T06:07:52.958+0000] {taskinstance.py:3281} INFO - 1 downstream tasks scheduled from follow-on schedule check
