[2026-01-06T16:09:59.861+0000] {taskinstance.py:1957} INFO - Dependencies all met for dep_context=non-requeueable deps ti=<TaskInstance: stock_grok_pipeline.dbt_transform manual__2026-01-06T16:04:32.246512+00:00 [queued]>
[2026-01-06T16:09:59.876+0000] {taskinstance.py:1957} INFO - Dependencies all met for dep_context=requeueable deps ti=<TaskInstance: stock_grok_pipeline.dbt_transform manual__2026-01-06T16:04:32.246512+00:00 [queued]>
[2026-01-06T16:09:59.876+0000] {taskinstance.py:2171} INFO - Starting attempt 2 of 2
[2026-01-06T16:09:59.899+0000] {taskinstance.py:2192} INFO - Executing <Task(BashOperator): dbt_transform> on 2026-01-06 16:04:32.246512+00:00
[2026-01-06T16:09:59.915+0000] {standard_task_runner.py:60} INFO - Started process 269 to run task
[2026-01-06T16:09:59.921+0000] {standard_task_runner.py:87} INFO - Running: ['***', 'tasks', 'run', 'stock_grok_pipeline', 'dbt_transform', 'manual__2026-01-06T16:04:32.246512+00:00', '--job-id', '8', '--raw', '--subdir', 'DAGS_FOLDER/stock_grok_pipeline.py', '--cfg-path', '/tmp/tmp47_sitlr']
[2026-01-06T16:09:59.932+0000] {standard_task_runner.py:88} INFO - Job 8: Subtask dbt_transform
[2026-01-06T16:10:00.029+0000] {task_command.py:423} INFO - Running <TaskInstance: stock_grok_pipeline.dbt_transform manual__2026-01-06T16:04:32.246512+00:00 [running]> on host 261f37d3c382
[2026-01-06T16:10:00.248+0000] {taskinstance.py:2481} INFO - Exporting env vars: AIRFLOW_CTX_DAG_OWNER='***' AIRFLOW_CTX_DAG_ID='stock_grok_pipeline' AIRFLOW_CTX_TASK_ID='dbt_transform' AIRFLOW_CTX_EXECUTION_DATE='2026-01-06T16:04:32.246512+00:00' AIRFLOW_CTX_TRY_NUMBER='2' AIRFLOW_CTX_DAG_RUN_ID='manual__2026-01-06T16:04:32.246512+00:00'
[2026-01-06T16:10:00.252+0000] {subprocess.py:63} INFO - Tmp dir root location: /tmp
[2026-01-06T16:10:00.253+0000] {subprocess.py:75} INFO - Running command: ['/usr/bin/bash', '-c', 'cd /dbt && dbt run --profiles-dir .']
[2026-01-06T16:10:00.284+0000] {subprocess.py:86} INFO - Output:
[2026-01-06T16:10:04.898+0000] {subprocess.py:97} INFO - Command exited with return code 2
[2026-01-06T16:10:04.933+0000] {taskinstance.py:2699} ERROR - Task failed with exception
Traceback (most recent call last):
  File "/home/airflow/.local/lib/python3.11/site-packages/airflow/models/taskinstance.py", line 433, in _execute_task
    result = execute_callable(context=context, **execute_callable_kwargs)
             ^^^^^^^^^^^^^^^^^^^^^^^^^^^^^^^^^^^^^^^^^^^^^^^^^^^^^^^^^^^^
  File "/home/airflow/.local/lib/python3.11/site-packages/airflow/operators/bash.py", line 212, in execute
    raise AirflowException(
airflow.exceptions.AirflowException: Bash command failed. The command returned a non-zero exit code 2.
[2026-01-06T16:10:04.946+0000] {taskinstance.py:1138} INFO - Marking task as FAILED. dag_id=stock_grok_pipeline, task_id=dbt_transform, execution_date=20260106T160432, start_date=20260106T160959, end_date=20260106T161004
[2026-01-06T16:10:04.989+0000] {standard_task_runner.py:107} ERROR - Failed to execute job 8 for task dbt_transform (Bash command failed. The command returned a non-zero exit code 2.; 269)
[2026-01-06T16:10:05.022+0000] {local_task_job_runner.py:234} INFO - Task exited with return code 1
[2026-01-06T16:10:05.066+0000] {taskinstance.py:3281} INFO - 0 downstream tasks scheduled from follow-on schedule check
