[2026-01-09T06:07:56.164+0000] {taskinstance.py:1957} INFO - Dependencies all met for dep_context=non-requeueable deps ti=<TaskInstance: stock_grok_pipeline.dbt_debug manual__2026-01-09T06:07:27.042998+00:00 [queued]>
[2026-01-09T06:07:56.176+0000] {taskinstance.py:1957} INFO - Dependencies all met for dep_context=requeueable deps ti=<TaskInstance: stock_grok_pipeline.dbt_debug manual__2026-01-09T06:07:27.042998+00:00 [queued]>
[2026-01-09T06:07:56.177+0000] {taskinstance.py:2171} INFO - Starting attempt 1 of 2
[2026-01-09T06:07:56.198+0000] {taskinstance.py:2192} INFO - Executing <Task(BashOperator): dbt_debug> on 2026-01-09 06:07:27.042998+00:00
[2026-01-09T06:07:56.210+0000] {standard_task_runner.py:60} INFO - Started process 693 to run task
[2026-01-09T06:07:56.215+0000] {standard_task_runner.py:87} INFO - Running: ['***', 'tasks', 'run', 'stock_grok_pipeline', 'dbt_debug', 'manual__2026-01-09T06:07:27.042998+00:00', '--job-id', '34', '--raw', '--subdir', 'DAGS_FOLDER/stock_grok_pipeline.py', '--cfg-path', '/tmp/tmp0c4m7ypu']
[2026-01-09T06:07:56.219+0000] {standard_task_runner.py:88} INFO - Job 34: Subtask dbt_debug
[2026-01-09T06:07:56.295+0000] {task_command.py:423} INFO - Running <TaskInstance: stock_grok_pipeline.dbt_debug manual__2026-01-09T06:07:27.042998+00:00 [running]> on host b3756c334e78
[2026-01-09T06:07:56.436+0000] {taskinstance.py:2481} INFO - Exporting env vars: AIRFLOW_CTX_DAG_OWNER='***' AIRFLOW_CTX_DAG_ID='stock_grok_pipeline' AIRFLOW_CTX_TASK_ID='dbt_debug' AIRFLOW_CTX_EXECUTION_DATE='2026-01-09T06:07:27.042998+00:00' AIRFLOW_CTX_TRY_NUMBER='1' AIRFLOW_CTX_DAG_RUN_ID='manual__2026-01-09T06:07:27.042998+00:00'
[2026-01-09T06:07:56.439+0000] {subprocess.py:63} INFO - Tmp dir root location: /tmp
[2026-01-09T06:07:56.440+0000] {subprocess.py:75} INFO - Running command: ['/usr/bin/bash', '-c', 'cd /dbt && dbt debug --profiles-dir .']
[2026-01-09T06:07:56.479+0000] {subprocess.py:86} INFO - Output:
[2026-01-09T06:08:00.248+0000] {subprocess.py:93} INFO - [0m06:08:00  Running with dbt=1.8.8
[2026-01-09T06:08:00.270+0000] {subprocess.py:93} INFO - [0m06:08:00  dbt version: 1.8.8
[2026-01-09T06:08:00.271+0000] {subprocess.py:93} INFO - [0m06:08:00  python version: 3.11.7
[2026-01-09T06:08:00.272+0000] {subprocess.py:93} INFO - [0m06:08:00  python path: /usr/local/bin/python
[2026-01-09T06:08:00.273+0000] {subprocess.py:93} INFO - [0m06:08:00  os info: Linux-6.14.0-37-generic-x86_64-with-glibc2.36
[2026-01-09T06:08:00.450+0000] {subprocess.py:93} INFO - [0m06:08:00  Using profiles dir at .
[2026-01-09T06:08:00.451+0000] {subprocess.py:93} INFO - [0m06:08:00  Using profiles.yml file at ./profiles.yml
[2026-01-09T06:08:00.452+0000] {subprocess.py:93} INFO - [0m06:08:00  Using dbt_project.yml file at /dbt/dbt_project.yml
[2026-01-09T06:08:00.453+0000] {subprocess.py:93} INFO - [0m06:08:00  adapter type: postgres
[2026-01-09T06:08:00.453+0000] {subprocess.py:93} INFO - [0m06:08:00  adapter version: 1.9.1
[2026-01-09T06:08:00.460+0000] {subprocess.py:93} INFO - [0m06:08:00  [[33mWARNING[0m]: Deprecated functionality
[2026-01-09T06:08:00.461+0000] {subprocess.py:93} INFO - The `log-path` config in `dbt_project.yml` has been deprecated, and will no
[2026-01-09T06:08:00.461+0000] {subprocess.py:93} INFO - longer be supported in a future version of dbt-core. If you wish to write dbt
[2026-01-09T06:08:00.462+0000] {subprocess.py:93} INFO - logs to a custom directory, please use the --log-path CLI flag or DBT_LOG_PATH
[2026-01-09T06:08:00.462+0000] {subprocess.py:93} INFO - env var instead.
[2026-01-09T06:08:00.462+0000] {subprocess.py:93} INFO - [0m06:08:00  [[33mWARNING[0m]: Deprecated functionality
[2026-01-09T06:08:00.462+0000] {subprocess.py:93} INFO - The `target-path` config in `dbt_project.yml` has been deprecated, and will no
[2026-01-09T06:08:00.462+0000] {subprocess.py:93} INFO - longer be supported in a future version of dbt-core. If you wish to write dbt
[2026-01-09T06:08:00.463+0000] {subprocess.py:93} INFO - artifacts to a custom directory, please use the --target-path CLI flag or
[2026-01-09T06:08:00.463+0000] {subprocess.py:93} INFO - DBT_TARGET_PATH env var instead.
[2026-01-09T06:08:00.640+0000] {subprocess.py:93} INFO - [0m06:08:00  Configuration:
[2026-01-09T06:08:00.641+0000] {subprocess.py:93} INFO - [0m06:08:00    profiles.yml file [[32mOK found and valid[0m]
[2026-01-09T06:08:00.641+0000] {subprocess.py:93} INFO - [0m06:08:00    dbt_project.yml file [[32mOK found and valid[0m]
[2026-01-09T06:08:00.642+0000] {subprocess.py:93} INFO - [0m06:08:00  Required dependencies:
[2026-01-09T06:08:00.661+0000] {subprocess.py:93} INFO - [0m06:08:00   - git [[32mOK found[0m]
[2026-01-09T06:08:00.662+0000] {subprocess.py:93} INFO - 
[2026-01-09T06:08:00.662+0000] {subprocess.py:93} INFO - [0m06:08:00  Connection:
[2026-01-09T06:08:00.664+0000] {subprocess.py:93} INFO - [0m06:08:00    host: postgres
[2026-01-09T06:08:00.664+0000] {subprocess.py:93} INFO - [0m06:08:00    port: 5432
[2026-01-09T06:08:00.665+0000] {subprocess.py:93} INFO - [0m06:08:00    user: ***
[2026-01-09T06:08:00.666+0000] {subprocess.py:93} INFO - [0m06:08:00    database: ***
[2026-01-09T06:08:00.667+0000] {subprocess.py:93} INFO - [0m06:08:00    schema: analytics
[2026-01-09T06:08:00.668+0000] {subprocess.py:93} INFO - [0m06:08:00    connect_timeout: 10
[2026-01-09T06:08:00.668+0000] {subprocess.py:93} INFO - [0m06:08:00    role: None
[2026-01-09T06:08:00.669+0000] {subprocess.py:93} INFO - [0m06:08:00    search_path: None
[2026-01-09T06:08:00.670+0000] {subprocess.py:93} INFO - [0m06:08:00    keepalives_idle: 0
[2026-01-09T06:08:00.671+0000] {subprocess.py:93} INFO - [0m06:08:00    sslmode: None
[2026-01-09T06:08:00.671+0000] {subprocess.py:93} INFO - [0m06:08:00    sslcert: None
[2026-01-09T06:08:00.672+0000] {subprocess.py:93} INFO - [0m06:08:00    sslkey: None
[2026-01-09T06:08:00.673+0000] {subprocess.py:93} INFO - [0m06:08:00    sslrootcert: None
[2026-01-09T06:08:00.673+0000] {subprocess.py:93} INFO - [0m06:08:00    application_name: dbt
[2026-01-09T06:08:00.674+0000] {subprocess.py:93} INFO - [0m06:08:00    retries: 1
[2026-01-09T06:08:00.675+0000] {subprocess.py:93} INFO - [0m06:08:00  Registered adapter: postgres=1.9.1
[2026-01-09T06:08:00.782+0000] {subprocess.py:93} INFO - [0m06:08:00    Connection test: [[32mOK connection ok[0m]
[2026-01-09T06:08:00.783+0000] {subprocess.py:93} INFO - 
[2026-01-09T06:08:00.784+0000] {subprocess.py:93} INFO - [0m06:08:00  [32mAll checks passed![0m
[2026-01-09T06:08:01.266+0000] {subprocess.py:97} INFO - Command exited with return code 0
[2026-01-09T06:08:01.336+0000] {taskinstance.py:1138} INFO - Marking task as SUCCESS. dag_id=stock_grok_pipeline, task_id=dbt_debug, execution_date=20260109T060727, start_date=20260109T060756, end_date=20260109T060801
[2026-01-09T06:08:01.399+0000] {local_task_job_runner.py:234} INFO - Task exited with return code 0
[2026-01-09T06:08:01.448+0000] {taskinstance.py:3281} INFO - 1 downstream tasks scheduled from follow-on schedule check
