[2026-01-06T16:04:38.406+0000] {taskinstance.py:1957} INFO - Dependencies all met for dep_context=non-requeueable deps ti=<TaskInstance: stock_grok_pipeline.extract_stock_prices scheduled__2026-01-05T16:00:00+00:00 [queued]>
[2026-01-06T16:04:38.425+0000] {taskinstance.py:1957} INFO - Dependencies all met for dep_context=requeueable deps ti=<TaskInstance: stock_grok_pipeline.extract_stock_prices scheduled__2026-01-05T16:00:00+00:00 [queued]>
[2026-01-06T16:04:38.426+0000] {taskinstance.py:2171} INFO - Starting attempt 1 of 2
[2026-01-06T16:04:38.454+0000] {taskinstance.py:2192} INFO - Executing <Task(PythonOperator): extract_stock_prices> on 2026-01-05 16:00:00+00:00
[2026-01-06T16:04:38.519+0000] {standard_task_runner.py:60} INFO - Started process 183 to run task
[2026-01-06T16:04:38.539+0000] {standard_task_runner.py:87} INFO - Running: ['***', 'tasks', 'run', 'stock_grok_pipeline', 'extract_stock_prices', 'scheduled__2026-01-05T16:00:00+00:00', '--job-id', '2', '--raw', '--subdir', 'DAGS_FOLDER/stock_grok_pipeline.py', '--cfg-path', '/tmp/tmpit53llhy']
[2026-01-06T16:04:38.546+0000] {standard_task_runner.py:88} INFO - Job 2: Subtask extract_stock_prices
[2026-01-06T16:04:38.762+0000] {task_command.py:423} INFO - Running <TaskInstance: stock_grok_pipeline.extract_stock_prices scheduled__2026-01-05T16:00:00+00:00 [running]> on host 261f37d3c382
[2026-01-06T16:04:39.194+0000] {taskinstance.py:2481} INFO - Exporting env vars: AIRFLOW_CTX_DAG_OWNER='***' AIRFLOW_CTX_DAG_ID='stock_grok_pipeline' AIRFLOW_CTX_TASK_ID='extract_stock_prices' AIRFLOW_CTX_EXECUTION_DATE='2026-01-05T16:00:00+00:00' AIRFLOW_CTX_TRY_NUMBER='1' AIRFLOW_CTX_DAG_RUN_ID='scheduled__2026-01-05T16:00:00+00:00'
[2026-01-06T16:04:42.965+0000] {python.py:201} INFO - Done. Returned value was: None
[2026-01-06T16:04:42.986+0000] {taskinstance.py:1138} INFO - Marking task as SUCCESS. dag_id=stock_grok_pipeline, task_id=extract_stock_prices, execution_date=20260105T160000, start_date=20260106T160438, end_date=20260106T160442
[2026-01-06T16:04:43.033+0000] {local_task_job_runner.py:234} INFO - Task exited with return code 0
[2026-01-06T16:04:43.108+0000] {taskinstance.py:3281} INFO - 1 downstream tasks scheduled from follow-on schedule check
[2026-01-06T16:22:23.157+0000] {taskinstance.py:1957} INFO - Dependencies all met for dep_context=non-requeueable deps ti=<TaskInstance: stock_grok_pipeline.extract_stock_prices scheduled__2026-01-05T16:00:00+00:00 [queued]>
[2026-01-06T16:22:23.172+0000] {taskinstance.py:1957} INFO - Dependencies all met for dep_context=requeueable deps ti=<TaskInstance: stock_grok_pipeline.extract_stock_prices scheduled__2026-01-05T16:00:00+00:00 [queued]>
[2026-01-06T16:22:23.173+0000] {taskinstance.py:2171} INFO - Starting attempt 1 of 2
[2026-01-06T16:22:23.199+0000] {taskinstance.py:2192} INFO - Executing <Task(PythonOperator): extract_stock_prices> on 2026-01-05 16:00:00+00:00
[2026-01-06T16:22:23.216+0000] {standard_task_runner.py:60} INFO - Started process 213 to run task
[2026-01-06T16:22:23.222+0000] {standard_task_runner.py:87} INFO - Running: ['***', 'tasks', 'run', 'stock_grok_pipeline', 'extract_stock_prices', 'scheduled__2026-01-05T16:00:00+00:00', '--job-id', '3', '--raw', '--subdir', 'DAGS_FOLDER/stock_grok_pipeline.py', '--cfg-path', '/tmp/tmpbkfsr4op']
[2026-01-06T16:22:23.228+0000] {standard_task_runner.py:88} INFO - Job 3: Subtask extract_stock_prices
[2026-01-06T16:22:23.416+0000] {task_command.py:423} INFO - Running <TaskInstance: stock_grok_pipeline.extract_stock_prices scheduled__2026-01-05T16:00:00+00:00 [running]> on host fa2fa317ee9e
[2026-01-06T16:22:23.683+0000] {taskinstance.py:2481} INFO - Exporting env vars: AIRFLOW_CTX_DAG_OWNER='***' AIRFLOW_CTX_DAG_ID='stock_grok_pipeline' AIRFLOW_CTX_TASK_ID='extract_stock_prices' AIRFLOW_CTX_EXECUTION_DATE='2026-01-05T16:00:00+00:00' AIRFLOW_CTX_TRY_NUMBER='1' AIRFLOW_CTX_DAG_RUN_ID='scheduled__2026-01-05T16:00:00+00:00'
[2026-01-06T16:22:27.901+0000] {python.py:201} INFO - Done. Returned value was: None
[2026-01-06T16:22:27.925+0000] {taskinstance.py:1138} INFO - Marking task as SUCCESS. dag_id=stock_grok_pipeline, task_id=extract_stock_prices, execution_date=20260105T160000, start_date=20260106T162223, end_date=20260106T162227
[2026-01-06T16:22:27.991+0000] {local_task_job_runner.py:234} INFO - Task exited with return code 0
[2026-01-06T16:22:28.058+0000] {taskinstance.py:3281} INFO - 1 downstream tasks scheduled from follow-on schedule check
[2026-01-07T06:31:10.166+0000] {taskinstance.py:1957} INFO - Dependencies all met for dep_context=non-requeueable deps ti=<TaskInstance: stock_grok_pipeline.extract_stock_prices scheduled__2026-01-05T16:00:00+00:00 [queued]>
[2026-01-07T06:31:10.184+0000] {taskinstance.py:1957} INFO - Dependencies all met for dep_context=requeueable deps ti=<TaskInstance: stock_grok_pipeline.extract_stock_prices scheduled__2026-01-05T16:00:00+00:00 [queued]>
[2026-01-07T06:31:10.185+0000] {taskinstance.py:2171} INFO - Starting attempt 1 of 2
[2026-01-07T06:31:10.207+0000] {taskinstance.py:2192} INFO - Executing <Task(PythonOperator): extract_stock_prices> on 2026-01-05 16:00:00+00:00
[2026-01-07T06:31:10.223+0000] {standard_task_runner.py:60} INFO - Started process 7602 to run task
[2026-01-07T06:31:10.230+0000] {standard_task_runner.py:87} INFO - Running: ['***', 'tasks', 'run', 'stock_grok_pipeline', 'extract_stock_prices', 'scheduled__2026-01-05T16:00:00+00:00', '--job-id', '3', '--raw', '--subdir', 'DAGS_FOLDER/stock_grok_pipeline.py', '--cfg-path', '/tmp/tmpj8f76cyv']
[2026-01-07T06:31:10.236+0000] {standard_task_runner.py:88} INFO - Job 3: Subtask extract_stock_prices
[2026-01-07T06:31:10.335+0000] {task_command.py:423} INFO - Running <TaskInstance: stock_grok_pipeline.extract_stock_prices scheduled__2026-01-05T16:00:00+00:00 [running]> on host 24bf3341c062
[2026-01-07T06:31:11.044+0000] {taskinstance.py:2481} INFO - Exporting env vars: AIRFLOW_CTX_DAG_OWNER='***' AIRFLOW_CTX_DAG_ID='stock_grok_pipeline' AIRFLOW_CTX_TASK_ID='extract_stock_prices' AIRFLOW_CTX_EXECUTION_DATE='2026-01-05T16:00:00+00:00' AIRFLOW_CTX_TRY_NUMBER='1' AIRFLOW_CTX_DAG_RUN_ID='scheduled__2026-01-05T16:00:00+00:00'
[2026-01-07T06:31:14.219+0000] {python.py:201} INFO - Done. Returned value was: None
[2026-01-07T06:31:14.245+0000] {taskinstance.py:1138} INFO - Marking task as SUCCESS. dag_id=stock_grok_pipeline, task_id=extract_stock_prices, execution_date=20260105T160000, start_date=20260107T063110, end_date=20260107T063114
[2026-01-07T06:31:14.337+0000] {local_task_job_runner.py:234} INFO - Task exited with return code 0
[2026-01-07T06:31:14.425+0000] {taskinstance.py:3281} INFO - 0 downstream tasks scheduled from follow-on schedule check
