[2026-01-05T04:37:31.174+0000] {taskinstance.py:1957} INFO - Dependencies all met for dep_context=non-requeueable deps ti=<TaskInstance: stock_grok_pipeline.extract_stock_prices scheduled__2026-01-01T16:00:00+00:00 [queued]>
[2026-01-05T04:37:31.194+0000] {taskinstance.py:1957} INFO - Dependencies all met for dep_context=requeueable deps ti=<TaskInstance: stock_grok_pipeline.extract_stock_prices scheduled__2026-01-01T16:00:00+00:00 [queued]>
[2026-01-05T04:37:31.194+0000] {taskinstance.py:2171} INFO - Starting attempt 1 of 2
[2026-01-05T04:37:31.225+0000] {taskinstance.py:2192} INFO - Executing <Task(PythonOperator): extract_stock_prices> on 2026-01-01 16:00:00+00:00
[2026-01-05T04:37:31.241+0000] {standard_task_runner.py:60} INFO - Started process 209 to run task
[2026-01-05T04:37:31.247+0000] {standard_task_runner.py:87} INFO - Running: ['***', 'tasks', 'run', 'stock_grok_pipeline', 'extract_stock_prices', 'scheduled__2026-01-01T16:00:00+00:00', '--job-id', '2', '--raw', '--subdir', 'DAGS_FOLDER/stock_grok_pipeline.py', '--cfg-path', '/tmp/tmppfdkfb2i']
[2026-01-05T04:37:31.261+0000] {standard_task_runner.py:88} INFO - Job 2: Subtask extract_stock_prices
[2026-01-05T04:37:31.397+0000] {task_command.py:423} INFO - Running <TaskInstance: stock_grok_pipeline.extract_stock_prices scheduled__2026-01-01T16:00:00+00:00 [running]> on host d515fa3a7493
[2026-01-05T04:37:31.556+0000] {taskinstance.py:2481} INFO - Exporting env vars: AIRFLOW_CTX_DAG_OWNER='***' AIRFLOW_CTX_DAG_ID='stock_grok_pipeline' AIRFLOW_CTX_TASK_ID='extract_stock_prices' AIRFLOW_CTX_EXECUTION_DATE='2026-01-01T16:00:00+00:00' AIRFLOW_CTX_TRY_NUMBER='1' AIRFLOW_CTX_DAG_RUN_ID='scheduled__2026-01-01T16:00:00+00:00'
[2026-01-05T04:37:34.353+0000] {python.py:201} INFO - Done. Returned value was: None
[2026-01-05T04:37:34.381+0000] {taskinstance.py:1138} INFO - Marking task as SUCCESS. dag_id=stock_grok_pipeline, task_id=extract_stock_prices, execution_date=20260101T160000, start_date=20260105T043731, end_date=20260105T043734
[2026-01-05T04:37:34.471+0000] {local_task_job_runner.py:234} INFO - Task exited with return code 0
[2026-01-05T04:37:34.522+0000] {taskinstance.py:3281} INFO - 1 downstream tasks scheduled from follow-on schedule check
[2026-01-05T05:10:47.881+0000] {taskinstance.py:1957} INFO - Dependencies all met for dep_context=non-requeueable deps ti=<TaskInstance: stock_grok_pipeline.extract_stock_prices scheduled__2026-01-01T16:00:00+00:00 [queued]>
[2026-01-05T05:10:47.897+0000] {taskinstance.py:1957} INFO - Dependencies all met for dep_context=requeueable deps ti=<TaskInstance: stock_grok_pipeline.extract_stock_prices scheduled__2026-01-01T16:00:00+00:00 [queued]>
[2026-01-05T05:10:47.897+0000] {taskinstance.py:2171} INFO - Starting attempt 1 of 2
[2026-01-05T05:10:47.920+0000] {taskinstance.py:2192} INFO - Executing <Task(PythonOperator): extract_stock_prices> on 2026-01-01 16:00:00+00:00
[2026-01-05T05:10:47.937+0000] {standard_task_runner.py:60} INFO - Started process 206 to run task
[2026-01-05T05:10:47.944+0000] {standard_task_runner.py:87} INFO - Running: ['***', 'tasks', 'run', 'stock_grok_pipeline', 'extract_stock_prices', 'scheduled__2026-01-01T16:00:00+00:00', '--job-id', '3', '--raw', '--subdir', 'DAGS_FOLDER/stock_grok_pipeline.py', '--cfg-path', '/tmp/tmpg6t_izb0']
[2026-01-05T05:10:47.959+0000] {standard_task_runner.py:88} INFO - Job 3: Subtask extract_stock_prices
[2026-01-05T05:10:48.113+0000] {task_command.py:423} INFO - Running <TaskInstance: stock_grok_pipeline.extract_stock_prices scheduled__2026-01-01T16:00:00+00:00 [running]> on host cbd2c1ec67e8
[2026-01-05T05:10:48.333+0000] {taskinstance.py:2481} INFO - Exporting env vars: AIRFLOW_CTX_DAG_OWNER='***' AIRFLOW_CTX_DAG_ID='stock_grok_pipeline' AIRFLOW_CTX_TASK_ID='extract_stock_prices' AIRFLOW_CTX_EXECUTION_DATE='2026-01-01T16:00:00+00:00' AIRFLOW_CTX_TRY_NUMBER='1' AIRFLOW_CTX_DAG_RUN_ID='scheduled__2026-01-01T16:00:00+00:00'
[2026-01-05T05:10:51.881+0000] {python.py:201} INFO - Done. Returned value was: None
[2026-01-05T05:10:51.907+0000] {taskinstance.py:1138} INFO - Marking task as SUCCESS. dag_id=stock_grok_pipeline, task_id=extract_stock_prices, execution_date=20260101T160000, start_date=20260105T051047, end_date=20260105T051051
[2026-01-05T05:10:51.947+0000] {local_task_job_runner.py:234} INFO - Task exited with return code 0
[2026-01-05T05:10:52.008+0000] {taskinstance.py:3281} INFO - 1 downstream tasks scheduled from follow-on schedule check
[2026-01-05T06:54:19.151+0000] {taskinstance.py:1957} INFO - Dependencies all met for dep_context=non-requeueable deps ti=<TaskInstance: stock_grok_pipeline.extract_stock_prices scheduled__2026-01-01T16:00:00+00:00 [queued]>
[2026-01-05T06:54:19.168+0000] {taskinstance.py:1957} INFO - Dependencies all met for dep_context=requeueable deps ti=<TaskInstance: stock_grok_pipeline.extract_stock_prices scheduled__2026-01-01T16:00:00+00:00 [queued]>
[2026-01-05T06:54:19.168+0000] {taskinstance.py:2171} INFO - Starting attempt 1 of 2
[2026-01-05T06:54:19.190+0000] {taskinstance.py:2192} INFO - Executing <Task(PythonOperator): extract_stock_prices> on 2026-01-01 16:00:00+00:00
[2026-01-05T06:54:19.204+0000] {standard_task_runner.py:60} INFO - Started process 399 to run task
[2026-01-05T06:54:19.209+0000] {standard_task_runner.py:87} INFO - Running: ['***', 'tasks', 'run', 'stock_grok_pipeline', 'extract_stock_prices', 'scheduled__2026-01-01T16:00:00+00:00', '--job-id', '4', '--raw', '--subdir', 'DAGS_FOLDER/stock_grok_pipeline.py', '--cfg-path', '/tmp/tmpq4x0fjtb']
[2026-01-05T06:54:19.219+0000] {standard_task_runner.py:88} INFO - Job 4: Subtask extract_stock_prices
[2026-01-05T06:54:19.313+0000] {task_command.py:423} INFO - Running <TaskInstance: stock_grok_pipeline.extract_stock_prices scheduled__2026-01-01T16:00:00+00:00 [running]> on host cb3ca8cc5cc5
[2026-01-05T06:54:19.472+0000] {taskinstance.py:2481} INFO - Exporting env vars: AIRFLOW_CTX_DAG_OWNER='***' AIRFLOW_CTX_DAG_ID='stock_grok_pipeline' AIRFLOW_CTX_TASK_ID='extract_stock_prices' AIRFLOW_CTX_EXECUTION_DATE='2026-01-01T16:00:00+00:00' AIRFLOW_CTX_TRY_NUMBER='1' AIRFLOW_CTX_DAG_RUN_ID='scheduled__2026-01-01T16:00:00+00:00'
[2026-01-05T06:54:20.336+0000] {base.py:190} ERROR - Failed to get ticker 'AAPL' reason: UNIQUE constraint failed: _cookieschema.strategy
[2026-01-05T06:54:23.516+0000] {python.py:201} INFO - Done. Returned value was: None
[2026-01-05T06:54:23.547+0000] {taskinstance.py:1138} INFO - Marking task as SUCCESS. dag_id=stock_grok_pipeline, task_id=extract_stock_prices, execution_date=20260101T160000, start_date=20260105T065419, end_date=20260105T065423
[2026-01-05T06:54:23.635+0000] {local_task_job_runner.py:234} INFO - Task exited with return code 0
[2026-01-05T06:54:23.712+0000] {taskinstance.py:3281} INFO - 1 downstream tasks scheduled from follow-on schedule check
