[2026-01-09T06:00:00.874+0000] {taskinstance.py:1957} INFO - Dependencies all met for dep_context=non-requeueable deps ti=<TaskInstance: stock_grok_pipeline.call_grok_api manual__2026-01-09T05:59:50.632139+00:00 [queued]>
[2026-01-09T06:00:00.889+0000] {taskinstance.py:1957} INFO - Dependencies all met for dep_context=requeueable deps ti=<TaskInstance: stock_grok_pipeline.call_grok_api manual__2026-01-09T05:59:50.632139+00:00 [queued]>
[2026-01-09T06:00:00.890+0000] {taskinstance.py:2171} INFO - Starting attempt 1 of 2
[2026-01-09T06:00:00.915+0000] {taskinstance.py:2192} INFO - Executing <Task(PythonOperator): call_grok_api> on 2026-01-09 05:59:50.632139+00:00
[2026-01-09T06:00:00.935+0000] {standard_task_runner.py:60} INFO - Started process 429 to run task
[2026-01-09T06:00:00.946+0000] {standard_task_runner.py:87} INFO - Running: ['***', 'tasks', 'run', 'stock_grok_pipeline', 'call_grok_api', 'manual__2026-01-09T05:59:50.632139+00:00', '--job-id', '25', '--raw', '--subdir', 'DAGS_FOLDER/stock_grok_pipeline.py', '--cfg-path', '/tmp/tmp28fvkj1p']
[2026-01-09T06:00:00.952+0000] {standard_task_runner.py:88} INFO - Job 25: Subtask call_grok_api
[2026-01-09T06:00:01.165+0000] {task_command.py:423} INFO - Running <TaskInstance: stock_grok_pipeline.call_grok_api manual__2026-01-09T05:59:50.632139+00:00 [running]> on host b3756c334e78
[2026-01-09T06:00:01.512+0000] {taskinstance.py:2481} INFO - Exporting env vars: AIRFLOW_CTX_DAG_OWNER='***' AIRFLOW_CTX_DAG_ID='stock_grok_pipeline' AIRFLOW_CTX_TASK_ID='call_grok_api' AIRFLOW_CTX_EXECUTION_DATE='2026-01-09T05:59:50.632139+00:00' AIRFLOW_CTX_TRY_NUMBER='1' AIRFLOW_CTX_DAG_RUN_ID='manual__2026-01-09T05:59:50.632139+00:00'
[2026-01-09T06:00:01.548+0000] {logging_mixin.py:188} INFO - Found 20 stock prices that need explanations
[2026-01-09T06:00:03.877+0000] {logging_mixin.py:188} INFO - Grok API error for AAPL: Error code: 404 - {'code': 'Some requested entity was not found', 'error': 'The model grok-beta was deprecated on 2025-09-15 and is no longer accessible via the API. Please use grok-3 instead.'}
[2026-01-09T06:00:04.283+0000] {logging_mixin.py:188} INFO - Grok API error for AAPL: Error code: 404 - {'code': 'Some requested entity was not found', 'error': 'The model grok-beta was deprecated on 2025-09-15 and is no longer accessible via the API. Please use grok-3 instead.'}
[2026-01-09T06:00:04.900+0000] {logging_mixin.py:188} INFO - Grok API error for AAPL: Error code: 404 - {'code': 'Some requested entity was not found', 'error': 'The model grok-beta was deprecated on 2025-09-15 and is no longer accessible via the API. Please use grok-3 instead.'}
[2026-01-09T06:00:05.247+0000] {logging_mixin.py:188} INFO - Grok API error for GOOGL: Error code: 404 - {'code': 'Some requested entity was not found', 'error': 'The model grok-beta was deprecated on 2025-09-15 and is no longer accessible via the API. Please use grok-3 instead.'}
[2026-01-09T06:00:05.453+0000] {logging_mixin.py:188} INFO - Grok API error for GOOGL: Error code: 404 - {'code': 'Some requested entity was not found', 'error': 'The model grok-beta was deprecated on 2025-09-15 and is no longer accessible via the API. Please use grok-3 instead.'}
[2026-01-09T06:00:05.684+0000] {logging_mixin.py:188} INFO - Grok API error for GOOGL: Error code: 404 - {'code': 'Some requested entity was not found', 'error': 'The model grok-beta was deprecated on 2025-09-15 and is no longer accessible via the API. Please use grok-3 instead.'}
[2026-01-09T06:00:06.071+0000] {logging_mixin.py:188} INFO - Grok API error for MSFT: Error code: 404 - {'code': 'Some requested entity was not found', 'error': 'The model grok-beta was deprecated on 2025-09-15 and is no longer accessible via the API. Please use grok-3 instead.'}
[2026-01-09T06:00:06.271+0000] {logging_mixin.py:188} INFO - Grok API error for MSFT: Error code: 404 - {'code': 'Some requested entity was not found', 'error': 'The model grok-beta was deprecated on 2025-09-15 and is no longer accessible via the API. Please use grok-3 instead.'}
[2026-01-09T06:00:06.473+0000] {logging_mixin.py:188} INFO - Grok API error for MSFT: Error code: 404 - {'code': 'Some requested entity was not found', 'error': 'The model grok-beta was deprecated on 2025-09-15 and is no longer accessible via the API. Please use grok-3 instead.'}
[2026-01-09T06:00:06.672+0000] {logging_mixin.py:188} INFO - Grok API error for NVDA: Error code: 404 - {'code': 'Some requested entity was not found', 'error': 'The model grok-beta was deprecated on 2025-09-15 and is no longer accessible via the API. Please use grok-3 instead.'}
[2026-01-09T06:00:06.997+0000] {logging_mixin.py:188} INFO - Grok API error for NVDA: Error code: 404 - {'code': 'Some requested entity was not found', 'error': 'The model grok-beta was deprecated on 2025-09-15 and is no longer accessible via the API. Please use grok-3 instead.'}
[2026-01-09T06:00:07.252+0000] {logging_mixin.py:188} INFO - Grok API error for NVDA: Error code: 404 - {'code': 'Some requested entity was not found', 'error': 'The model grok-beta was deprecated on 2025-09-15 and is no longer accessible via the API. Please use grok-3 instead.'}
[2026-01-09T06:00:07.561+0000] {logging_mixin.py:188} INFO - Grok API error for TSLA: Error code: 404 - {'code': 'Some requested entity was not found', 'error': 'The model grok-beta was deprecated on 2025-09-15 and is no longer accessible via the API. Please use grok-3 instead.'}
[2026-01-09T06:00:08.135+0000] {logging_mixin.py:188} INFO - Grok API error for TSLA: Error code: 404 - {'code': 'Some requested entity was not found', 'error': 'The model grok-beta was deprecated on 2025-09-15 and is no longer accessible via the API. Please use grok-3 instead.'}
[2026-01-09T06:00:08.790+0000] {logging_mixin.py:188} INFO - Grok API error for TSLA: Error code: 404 - {'code': 'Some requested entity was not found', 'error': 'The model grok-beta was deprecated on 2025-09-15 and is no longer accessible via the API. Please use grok-3 instead.'}
[2026-01-09T06:00:08.791+0000] {python.py:201} INFO - Done. Returned value was: None
[2026-01-09T06:00:08.811+0000] {taskinstance.py:1138} INFO - Marking task as SUCCESS. dag_id=stock_grok_pipeline, task_id=call_grok_api, execution_date=20260109T055950, start_date=20260109T060000, end_date=20260109T060008
[2026-01-09T06:00:08.895+0000] {local_task_job_runner.py:234} INFO - Task exited with return code 0
[2026-01-09T06:00:08.960+0000] {taskinstance.py:3281} INFO - 0 downstream tasks scheduled from follow-on schedule check
