[2026-01-09T06:14:22.665+0000] {taskinstance.py:1957} INFO - Dependencies all met for dep_context=non-requeueable deps ti=<TaskInstance: stock_grok_pipeline.extract_stock_prices manual__2026-01-09T06:14:18.757593+00:00 [queued]>
[2026-01-09T06:14:22.677+0000] {taskinstance.py:1957} INFO - Dependencies all met for dep_context=requeueable deps ti=<TaskInstance: stock_grok_pipeline.extract_stock_prices manual__2026-01-09T06:14:18.757593+00:00 [queued]>
[2026-01-09T06:14:22.677+0000] {taskinstance.py:2171} INFO - Starting attempt 1 of 2
[2026-01-09T06:14:22.700+0000] {taskinstance.py:2192} INFO - Executing <Task(PythonOperator): extract_stock_prices> on 2026-01-09 06:14:18.757593+00:00
[2026-01-09T06:14:22.711+0000] {standard_task_runner.py:60} INFO - Started process 329 to run task
[2026-01-09T06:14:22.716+0000] {standard_task_runner.py:87} INFO - Running: ['***', 'tasks', 'run', 'stock_grok_pipeline', 'extract_stock_prices', 'manual__2026-01-09T06:14:18.757593+00:00', '--job-id', '38', '--raw', '--subdir', 'DAGS_FOLDER/stock_grok_pipeline.py', '--cfg-path', '/tmp/tmpboqf41t7']
[2026-01-09T06:14:22.721+0000] {standard_task_runner.py:88} INFO - Job 38: Subtask extract_stock_prices
[2026-01-09T06:14:22.800+0000] {task_command.py:423} INFO - Running <TaskInstance: stock_grok_pipeline.extract_stock_prices manual__2026-01-09T06:14:18.757593+00:00 [running]> on host b3756c334e78
[2026-01-09T06:14:22.928+0000] {taskinstance.py:2481} INFO - Exporting env vars: AIRFLOW_CTX_DAG_OWNER='***' AIRFLOW_CTX_DAG_ID='stock_grok_pipeline' AIRFLOW_CTX_TASK_ID='extract_stock_prices' AIRFLOW_CTX_EXECUTION_DATE='2026-01-09T06:14:18.757593+00:00' AIRFLOW_CTX_TRY_NUMBER='1' AIRFLOW_CTX_DAG_RUN_ID='manual__2026-01-09T06:14:18.757593+00:00'
[2026-01-09T06:14:22.942+0000] {stock_grok_pipeline.py:45} INFO - Extracting stock prices for execution_date: 2026-01-09
[2026-01-09T06:14:22.942+0000] {stock_grok_pipeline.py:50} INFO - Downloading data for tickers: ['AAPL', 'MSFT', 'GOOGL', 'TSLA', 'NVDA']
[2026-01-09T06:14:24.736+0000] {stock_grok_pipeline.py:60} INFO - Downloaded 1 rows of data
[2026-01-09T06:14:24.782+0000] {stock_grok_pipeline.py:104} INFO - Inserted data for AAPL on 2026-01-09
[2026-01-09T06:14:24.787+0000] {stock_grok_pipeline.py:104} INFO - Inserted data for MSFT on 2026-01-09
[2026-01-09T06:14:24.794+0000] {stock_grok_pipeline.py:104} INFO - Inserted data for GOOGL on 2026-01-09
[2026-01-09T06:14:24.799+0000] {stock_grok_pipeline.py:104} INFO - Inserted data for TSLA on 2026-01-09
[2026-01-09T06:14:24.803+0000] {stock_grok_pipeline.py:104} INFO - Inserted data for NVDA on 2026-01-09
[2026-01-09T06:14:24.805+0000] {stock_grok_pipeline.py:140} INFO - Successfully committed stock prices for 2026-01-09
[2026-01-09T06:14:24.820+0000] {python.py:201} INFO - Done. Returned value was: None
[2026-01-09T06:14:24.883+0000] {taskinstance.py:1138} INFO - Marking task as SUCCESS. dag_id=stock_grok_pipeline, task_id=extract_stock_prices, execution_date=20260109T061418, start_date=20260109T061422, end_date=20260109T061424
[2026-01-09T06:14:24.958+0000] {local_task_job_runner.py:234} INFO - Task exited with return code 0
[2026-01-09T06:14:25.031+0000] {taskinstance.py:3281} INFO - 1 downstream tasks scheduled from follow-on schedule check
