[2026-01-09T06:14:39.995+0000] {taskinstance.py:1957} INFO - Dependencies all met for dep_context=non-requeueable deps ti=<TaskInstance: stock_grok_pipeline.dbt_deps manual__2026-01-09T06:14:18.757593+00:00 [queued]>
[2026-01-09T06:14:40.011+0000] {taskinstance.py:1957} INFO - Dependencies all met for dep_context=requeueable deps ti=<TaskInstance: stock_grok_pipeline.dbt_deps manual__2026-01-09T06:14:18.757593+00:00 [queued]>
[2026-01-09T06:14:40.012+0000] {taskinstance.py:2171} INFO - Starting attempt 1 of 2
[2026-01-09T06:14:40.033+0000] {taskinstance.py:2192} INFO - Executing <Task(BashOperator): dbt_deps> on 2026-01-09 06:14:18.757593+00:00
[2026-01-09T06:14:40.054+0000] {standard_task_runner.py:60} INFO - Started process 442 to run task
[2026-01-09T06:14:40.059+0000] {standard_task_runner.py:87} INFO - Running: ['***', 'tasks', 'run', 'stock_grok_pipeline', 'dbt_deps', 'manual__2026-01-09T06:14:18.757593+00:00', '--job-id', '40', '--raw', '--subdir', 'DAGS_FOLDER/stock_grok_pipeline.py', '--cfg-path', '/tmp/tmpzlqli5pk']
[2026-01-09T06:14:40.064+0000] {standard_task_runner.py:88} INFO - Job 40: Subtask dbt_deps
[2026-01-09T06:14:40.147+0000] {task_command.py:423} INFO - Running <TaskInstance: stock_grok_pipeline.dbt_deps manual__2026-01-09T06:14:18.757593+00:00 [running]> on host b3756c334e78
[2026-01-09T06:14:40.292+0000] {taskinstance.py:2481} INFO - Exporting env vars: AIRFLOW_CTX_DAG_OWNER='***' AIRFLOW_CTX_DAG_ID='stock_grok_pipeline' AIRFLOW_CTX_TASK_ID='dbt_deps' AIRFLOW_CTX_EXECUTION_DATE='2026-01-09T06:14:18.757593+00:00' AIRFLOW_CTX_TRY_NUMBER='1' AIRFLOW_CTX_DAG_RUN_ID='manual__2026-01-09T06:14:18.757593+00:00'
[2026-01-09T06:14:40.296+0000] {subprocess.py:63} INFO - Tmp dir root location: /tmp
[2026-01-09T06:14:40.297+0000] {subprocess.py:75} INFO - Running command: ['/usr/bin/bash', '-c', 'cd /dbt && dbt deps --profiles-dir . || true']
[2026-01-09T06:14:40.322+0000] {subprocess.py:86} INFO - Output:
[2026-01-09T06:14:43.369+0000] {subprocess.py:93} INFO - [0m06:14:43  Running with dbt=1.8.8
[2026-01-09T06:14:43.379+0000] {subprocess.py:93} INFO - [0m06:14:43  [[33mWARNING[0m]: Deprecated functionality
[2026-01-09T06:14:43.380+0000] {subprocess.py:93} INFO - The `log-path` config in `dbt_project.yml` has been deprecated, and will no
[2026-01-09T06:14:43.380+0000] {subprocess.py:93} INFO - longer be supported in a future version of dbt-core. If you wish to write dbt
[2026-01-09T06:14:43.380+0000] {subprocess.py:93} INFO - logs to a custom directory, please use the --log-path CLI flag or DBT_LOG_PATH
[2026-01-09T06:14:43.380+0000] {subprocess.py:93} INFO - env var instead.
[2026-01-09T06:14:43.381+0000] {subprocess.py:93} INFO - [0m06:14:43  [[33mWARNING[0m]: Deprecated functionality
[2026-01-09T06:14:43.381+0000] {subprocess.py:93} INFO - The `target-path` config in `dbt_project.yml` has been deprecated, and will no
[2026-01-09T06:14:43.381+0000] {subprocess.py:93} INFO - longer be supported in a future version of dbt-core. If you wish to write dbt
[2026-01-09T06:14:43.382+0000] {subprocess.py:93} INFO - artifacts to a custom directory, please use the --target-path CLI flag or
[2026-01-09T06:14:43.382+0000] {subprocess.py:93} INFO - DBT_TARGET_PATH env var instead.
[2026-01-09T06:14:43.606+0000] {subprocess.py:93} INFO - [0m06:14:43  Warning: No packages were found in packages.yml
[2026-01-09T06:14:43.608+0000] {subprocess.py:93} INFO - [0m06:14:43  Warning: No packages were found in packages.yml
[2026-01-09T06:14:44.021+0000] {subprocess.py:97} INFO - Command exited with return code 0
[2026-01-09T06:14:44.113+0000] {taskinstance.py:1138} INFO - Marking task as SUCCESS. dag_id=stock_grok_pipeline, task_id=dbt_deps, execution_date=20260109T061418, start_date=20260109T061439, end_date=20260109T061444
[2026-01-09T06:14:44.164+0000] {local_task_job_runner.py:234} INFO - Task exited with return code 0
[2026-01-09T06:14:44.224+0000] {taskinstance.py:3281} INFO - 1 downstream tasks scheduled from follow-on schedule check
