[2026-01-05T06:54:31.740+0000] {taskinstance.py:1957} INFO - Dependencies all met for dep_context=non-requeueable deps ti=<TaskInstance: stock_grok_pipeline.dbt_transform manual__2026-01-05T06:54:14.592230+00:00 [queued]>
[2026-01-05T06:54:31.759+0000] {taskinstance.py:1957} INFO - Dependencies all met for dep_context=requeueable deps ti=<TaskInstance: stock_grok_pipeline.dbt_transform manual__2026-01-05T06:54:14.592230+00:00 [queued]>
[2026-01-05T06:54:31.759+0000] {taskinstance.py:2171} INFO - Starting attempt 1 of 2
[2026-01-05T06:54:31.783+0000] {taskinstance.py:2192} INFO - Executing <Task(BashOperator): dbt_transform> on 2026-01-05 06:54:14.592230+00:00
[2026-01-05T06:54:31.799+0000] {standard_task_runner.py:60} INFO - Started process 417 to run task
[2026-01-05T06:54:31.808+0000] {standard_task_runner.py:87} INFO - Running: ['***', 'tasks', 'run', 'stock_grok_pipeline', 'dbt_transform', 'manual__2026-01-05T06:54:14.592230+00:00', '--job-id', '8', '--raw', '--subdir', 'DAGS_FOLDER/stock_grok_pipeline.py', '--cfg-path', '/tmp/tmpxsx_ux42']
[2026-01-05T06:54:31.823+0000] {standard_task_runner.py:88} INFO - Job 8: Subtask dbt_transform
[2026-01-05T06:54:31.928+0000] {task_command.py:423} INFO - Running <TaskInstance: stock_grok_pipeline.dbt_transform manual__2026-01-05T06:54:14.592230+00:00 [running]> on host cb3ca8cc5cc5
[2026-01-05T06:54:32.133+0000] {taskinstance.py:2481} INFO - Exporting env vars: AIRFLOW_CTX_DAG_OWNER='***' AIRFLOW_CTX_DAG_ID='stock_grok_pipeline' AIRFLOW_CTX_TASK_ID='dbt_transform' AIRFLOW_CTX_EXECUTION_DATE='2026-01-05T06:54:14.592230+00:00' AIRFLOW_CTX_TRY_NUMBER='1' AIRFLOW_CTX_DAG_RUN_ID='manual__2026-01-05T06:54:14.592230+00:00'
[2026-01-05T06:54:32.138+0000] {subprocess.py:63} INFO - Tmp dir root location: /tmp
[2026-01-05T06:54:32.141+0000] {subprocess.py:75} INFO - Running command: ['/usr/bin/bash', '-c', 'cd /dbt && dbt run --profiles-dir .']
[2026-01-05T06:54:32.178+0000] {subprocess.py:86} INFO - Output:
[2026-01-05T06:54:39.018+0000] {subprocess.py:97} INFO - Command exited with return code 2
[2026-01-05T06:54:39.051+0000] {taskinstance.py:2699} ERROR - Task failed with exception
Traceback (most recent call last):
  File "/home/airflow/.local/lib/python3.11/site-packages/airflow/models/taskinstance.py", line 433, in _execute_task
    result = execute_callable(context=context, **execute_callable_kwargs)
             ^^^^^^^^^^^^^^^^^^^^^^^^^^^^^^^^^^^^^^^^^^^^^^^^^^^^^^^^^^^^
  File "/home/airflow/.local/lib/python3.11/site-packages/airflow/operators/bash.py", line 212, in execute
    raise AirflowException(
airflow.exceptions.AirflowException: Bash command failed. The command returned a non-zero exit code 2.
[2026-01-05T06:54:39.062+0000] {taskinstance.py:1138} INFO - Marking task as UP_FOR_RETRY. dag_id=stock_grok_pipeline, task_id=dbt_transform, execution_date=20260105T065414, start_date=20260105T065431, end_date=20260105T065439
[2026-01-05T06:54:39.089+0000] {standard_task_runner.py:107} ERROR - Failed to execute job 8 for task dbt_transform (Bash command failed. The command returned a non-zero exit code 2.; 417)
[2026-01-05T06:54:39.139+0000] {local_task_job_runner.py:234} INFO - Task exited with return code 1
[2026-01-05T06:54:39.191+0000] {taskinstance.py:3281} INFO - 0 downstream tasks scheduled from follow-on schedule check
