[2026-01-09T06:14:28.659+0000] {taskinstance.py:1957} INFO - Dependencies all met for dep_context=non-requeueable deps ti=<TaskInstance: stock_grok_pipeline.call_grok_api manual__2026-01-09T06:14:18.757593+00:00 [queued]>
[2026-01-09T06:14:28.677+0000] {taskinstance.py:1957} INFO - Dependencies all met for dep_context=requeueable deps ti=<TaskInstance: stock_grok_pipeline.call_grok_api manual__2026-01-09T06:14:18.757593+00:00 [queued]>
[2026-01-09T06:14:28.677+0000] {taskinstance.py:2171} INFO - Starting attempt 1 of 2
[2026-01-09T06:14:28.700+0000] {taskinstance.py:2192} INFO - Executing <Task(PythonOperator): call_grok_api> on 2026-01-09 06:14:18.757593+00:00
[2026-01-09T06:14:28.716+0000] {standard_task_runner.py:60} INFO - Started process 371 to run task
[2026-01-09T06:14:28.722+0000] {standard_task_runner.py:87} INFO - Running: ['***', 'tasks', 'run', 'stock_grok_pipeline', 'call_grok_api', 'manual__2026-01-09T06:14:18.757593+00:00', '--job-id', '39', '--raw', '--subdir', 'DAGS_FOLDER/stock_grok_pipeline.py', '--cfg-path', '/tmp/tmpqzqwr63e']
[2026-01-09T06:14:28.727+0000] {standard_task_runner.py:88} INFO - Job 39: Subtask call_grok_api
[2026-01-09T06:14:28.817+0000] {task_command.py:423} INFO - Running <TaskInstance: stock_grok_pipeline.call_grok_api manual__2026-01-09T06:14:18.757593+00:00 [running]> on host b3756c334e78
[2026-01-09T06:14:28.957+0000] {taskinstance.py:2481} INFO - Exporting env vars: AIRFLOW_CTX_DAG_OWNER='***' AIRFLOW_CTX_DAG_ID='stock_grok_pipeline' AIRFLOW_CTX_TASK_ID='call_grok_api' AIRFLOW_CTX_EXECUTION_DATE='2026-01-09T06:14:18.757593+00:00' AIRFLOW_CTX_TRY_NUMBER='1' AIRFLOW_CTX_DAG_RUN_ID='manual__2026-01-09T06:14:18.757593+00:00'
[2026-01-09T06:14:28.971+0000] {stock_grok_pipeline.py:154} INFO - Processing Grok explanations for execution_date: 2026-01-09
[2026-01-09T06:14:28.973+0000] {stock_grok_pipeline.py:159} INFO - Available dates in stock_prices: [(datetime.date(2026, 1, 9),), (datetime.date(2026, 1, 7),)]
[2026-01-09T06:14:28.976+0000] {stock_grok_pipeline.py:174} INFO - Found 30 stock prices that need explanations for 2026-01-09
[2026-01-09T06:14:28.976+0000] {stock_grok_pipeline.py:185} INFO - XAI_API_KEY is set. Proceeding to call Grok API for 30 stocks.
[2026-01-09T06:14:29.040+0000] {stock_grok_pipeline.py:236} WARNING - Skipping AAPL - no previous close price available
[2026-01-09T06:14:29.040+0000] {stock_grok_pipeline.py:197} INFO - Calling Grok API for AAPL on 2026-01-09 (change: 0.00%)
[2026-01-09T06:14:30.476+0000] {stock_grok_pipeline.py:234} ERROR - Grok API error for AAPL: Error code: 404 - {'code': 'Some requested entity was not found', 'error': 'The model grok-beta was deprecated on 2025-09-15 and is no longer accessible via the API. Please use grok-3 instead.'}
[2026-01-09T06:14:30.476+0000] {stock_grok_pipeline.py:197} INFO - Calling Grok API for AAPL on 2026-01-09 (change: 0.00%)
[2026-01-09T06:14:30.680+0000] {stock_grok_pipeline.py:234} ERROR - Grok API error for AAPL: Error code: 404 - {'code': 'Some requested entity was not found', 'error': 'The model grok-beta was deprecated on 2025-09-15 and is no longer accessible via the API. Please use grok-3 instead.'}
[2026-01-09T06:14:30.681+0000] {stock_grok_pipeline.py:197} INFO - Calling Grok API for AAPL on 2026-01-09 (change: 0.00%)
[2026-01-09T06:14:31.041+0000] {stock_grok_pipeline.py:234} ERROR - Grok API error for AAPL: Error code: 404 - {'code': 'Some requested entity was not found', 'error': 'The model grok-beta was deprecated on 2025-09-15 and is no longer accessible via the API. Please use grok-3 instead.'}
[2026-01-09T06:14:31.042+0000] {stock_grok_pipeline.py:197} INFO - Calling Grok API for AAPL on 2026-01-09 (change: 0.00%)
[2026-01-09T06:14:31.240+0000] {stock_grok_pipeline.py:234} ERROR - Grok API error for AAPL: Error code: 404 - {'code': 'Some requested entity was not found', 'error': 'The model grok-beta was deprecated on 2025-09-15 and is no longer accessible via the API. Please use grok-3 instead.'}
[2026-01-09T06:14:31.240+0000] {stock_grok_pipeline.py:197} INFO - Calling Grok API for AAPL on 2026-01-09 (change: 0.00%)
[2026-01-09T06:14:31.478+0000] {stock_grok_pipeline.py:234} ERROR - Grok API error for AAPL: Error code: 404 - {'code': 'Some requested entity was not found', 'error': 'The model grok-beta was deprecated on 2025-09-15 and is no longer accessible via the API. Please use grok-3 instead.'}
[2026-01-09T06:14:31.479+0000] {stock_grok_pipeline.py:236} WARNING - Skipping GOOGL - no previous close price available
[2026-01-09T06:14:31.479+0000] {stock_grok_pipeline.py:197} INFO - Calling Grok API for GOOGL on 2026-01-09 (change: 0.00%)
[2026-01-09T06:14:31.679+0000] {stock_grok_pipeline.py:234} ERROR - Grok API error for GOOGL: Error code: 404 - {'code': 'Some requested entity was not found', 'error': 'The model grok-beta was deprecated on 2025-09-15 and is no longer accessible via the API. Please use grok-3 instead.'}
[2026-01-09T06:14:31.680+0000] {stock_grok_pipeline.py:197} INFO - Calling Grok API for GOOGL on 2026-01-09 (change: 0.00%)
[2026-01-09T06:14:31.878+0000] {stock_grok_pipeline.py:234} ERROR - Grok API error for GOOGL: Error code: 404 - {'code': 'Some requested entity was not found', 'error': 'The model grok-beta was deprecated on 2025-09-15 and is no longer accessible via the API. Please use grok-3 instead.'}
[2026-01-09T06:14:31.878+0000] {stock_grok_pipeline.py:197} INFO - Calling Grok API for GOOGL on 2026-01-09 (change: 0.00%)
[2026-01-09T06:14:32.090+0000] {stock_grok_pipeline.py:234} ERROR - Grok API error for GOOGL: Error code: 404 - {'code': 'Some requested entity was not found', 'error': 'The model grok-beta was deprecated on 2025-09-15 and is no longer accessible via the API. Please use grok-3 instead.'}
[2026-01-09T06:14:32.090+0000] {stock_grok_pipeline.py:197} INFO - Calling Grok API for GOOGL on 2026-01-09 (change: 0.00%)
[2026-01-09T06:14:32.441+0000] {stock_grok_pipeline.py:234} ERROR - Grok API error for GOOGL: Error code: 404 - {'code': 'Some requested entity was not found', 'error': 'The model grok-beta was deprecated on 2025-09-15 and is no longer accessible via the API. Please use grok-3 instead.'}
[2026-01-09T06:14:32.442+0000] {stock_grok_pipeline.py:197} INFO - Calling Grok API for GOOGL on 2026-01-09 (change: 0.00%)
[2026-01-09T06:14:32.851+0000] {stock_grok_pipeline.py:234} ERROR - Grok API error for GOOGL: Error code: 404 - {'code': 'Some requested entity was not found', 'error': 'The model grok-beta was deprecated on 2025-09-15 and is no longer accessible via the API. Please use grok-3 instead.'}
[2026-01-09T06:14:32.851+0000] {stock_grok_pipeline.py:236} WARNING - Skipping MSFT - no previous close price available
[2026-01-09T06:14:32.852+0000] {stock_grok_pipeline.py:197} INFO - Calling Grok API for MSFT on 2026-01-09 (change: 0.00%)
[2026-01-09T06:14:33.261+0000] {stock_grok_pipeline.py:234} ERROR - Grok API error for MSFT: Error code: 404 - {'code': 'Some requested entity was not found', 'error': 'The model grok-beta was deprecated on 2025-09-15 and is no longer accessible via the API. Please use grok-3 instead.'}
[2026-01-09T06:14:33.262+0000] {stock_grok_pipeline.py:197} INFO - Calling Grok API for MSFT on 2026-01-09 (change: 0.00%)
[2026-01-09T06:14:33.820+0000] {stock_grok_pipeline.py:234} ERROR - Grok API error for MSFT: Error code: 404 - {'code': 'Some requested entity was not found', 'error': 'The model grok-beta was deprecated on 2025-09-15 and is no longer accessible via the API. Please use grok-3 instead.'}
[2026-01-09T06:14:33.821+0000] {stock_grok_pipeline.py:197} INFO - Calling Grok API for MSFT on 2026-01-09 (change: 0.00%)
[2026-01-09T06:14:34.209+0000] {stock_grok_pipeline.py:234} ERROR - Grok API error for MSFT: Error code: 404 - {'code': 'Some requested entity was not found', 'error': 'The model grok-beta was deprecated on 2025-09-15 and is no longer accessible via the API. Please use grok-3 instead.'}
[2026-01-09T06:14:34.210+0000] {stock_grok_pipeline.py:197} INFO - Calling Grok API for MSFT on 2026-01-09 (change: 0.00%)
[2026-01-09T06:14:34.428+0000] {stock_grok_pipeline.py:234} ERROR - Grok API error for MSFT: Error code: 404 - {'code': 'Some requested entity was not found', 'error': 'The model grok-beta was deprecated on 2025-09-15 and is no longer accessible via the API. Please use grok-3 instead.'}
[2026-01-09T06:14:34.428+0000] {stock_grok_pipeline.py:197} INFO - Calling Grok API for MSFT on 2026-01-09 (change: 0.00%)
[2026-01-09T06:14:34.629+0000] {stock_grok_pipeline.py:234} ERROR - Grok API error for MSFT: Error code: 404 - {'code': 'Some requested entity was not found', 'error': 'The model grok-beta was deprecated on 2025-09-15 and is no longer accessible via the API. Please use grok-3 instead.'}
[2026-01-09T06:14:34.629+0000] {stock_grok_pipeline.py:236} WARNING - Skipping NVDA - no previous close price available
[2026-01-09T06:14:34.630+0000] {stock_grok_pipeline.py:197} INFO - Calling Grok API for NVDA on 2026-01-09 (change: 0.00%)
[2026-01-09T06:14:34.827+0000] {stock_grok_pipeline.py:234} ERROR - Grok API error for NVDA: Error code: 404 - {'code': 'Some requested entity was not found', 'error': 'The model grok-beta was deprecated on 2025-09-15 and is no longer accessible via the API. Please use grok-3 instead.'}
[2026-01-09T06:14:34.828+0000] {stock_grok_pipeline.py:197} INFO - Calling Grok API for NVDA on 2026-01-09 (change: 0.00%)
[2026-01-09T06:14:35.030+0000] {stock_grok_pipeline.py:234} ERROR - Grok API error for NVDA: Error code: 404 - {'code': 'Some requested entity was not found', 'error': 'The model grok-beta was deprecated on 2025-09-15 and is no longer accessible via the API. Please use grok-3 instead.'}
[2026-01-09T06:14:35.031+0000] {stock_grok_pipeline.py:197} INFO - Calling Grok API for NVDA on 2026-01-09 (change: 0.00%)
[2026-01-09T06:14:35.229+0000] {stock_grok_pipeline.py:234} ERROR - Grok API error for NVDA: Error code: 404 - {'code': 'Some requested entity was not found', 'error': 'The model grok-beta was deprecated on 2025-09-15 and is no longer accessible via the API. Please use grok-3 instead.'}
[2026-01-09T06:14:35.229+0000] {stock_grok_pipeline.py:197} INFO - Calling Grok API for NVDA on 2026-01-09 (change: 0.00%)
[2026-01-09T06:14:35.423+0000] {stock_grok_pipeline.py:234} ERROR - Grok API error for NVDA: Error code: 404 - {'code': 'Some requested entity was not found', 'error': 'The model grok-beta was deprecated on 2025-09-15 and is no longer accessible via the API. Please use grok-3 instead.'}
[2026-01-09T06:14:35.423+0000] {stock_grok_pipeline.py:197} INFO - Calling Grok API for NVDA on 2026-01-09 (change: 0.00%)
[2026-01-09T06:14:35.626+0000] {stock_grok_pipeline.py:234} ERROR - Grok API error for NVDA: Error code: 404 - {'code': 'Some requested entity was not found', 'error': 'The model grok-beta was deprecated on 2025-09-15 and is no longer accessible via the API. Please use grok-3 instead.'}
[2026-01-09T06:14:35.626+0000] {stock_grok_pipeline.py:236} WARNING - Skipping TSLA - no previous close price available
[2026-01-09T06:14:35.626+0000] {stock_grok_pipeline.py:197} INFO - Calling Grok API for TSLA on 2026-01-09 (change: 0.00%)
[2026-01-09T06:14:35.823+0000] {stock_grok_pipeline.py:234} ERROR - Grok API error for TSLA: Error code: 404 - {'code': 'Some requested entity was not found', 'error': 'The model grok-beta was deprecated on 2025-09-15 and is no longer accessible via the API. Please use grok-3 instead.'}
[2026-01-09T06:14:35.824+0000] {stock_grok_pipeline.py:197} INFO - Calling Grok API for TSLA on 2026-01-09 (change: 0.00%)
[2026-01-09T06:14:36.025+0000] {stock_grok_pipeline.py:234} ERROR - Grok API error for TSLA: Error code: 404 - {'code': 'Some requested entity was not found', 'error': 'The model grok-beta was deprecated on 2025-09-15 and is no longer accessible via the API. Please use grok-3 instead.'}
[2026-01-09T06:14:36.025+0000] {stock_grok_pipeline.py:197} INFO - Calling Grok API for TSLA on 2026-01-09 (change: 0.00%)
[2026-01-09T06:14:36.229+0000] {stock_grok_pipeline.py:234} ERROR - Grok API error for TSLA: Error code: 404 - {'code': 'Some requested entity was not found', 'error': 'The model grok-beta was deprecated on 2025-09-15 and is no longer accessible via the API. Please use grok-3 instead.'}
[2026-01-09T06:14:36.230+0000] {stock_grok_pipeline.py:197} INFO - Calling Grok API for TSLA on 2026-01-09 (change: 0.00%)
[2026-01-09T06:14:36.537+0000] {stock_grok_pipeline.py:234} ERROR - Grok API error for TSLA: Error code: 404 - {'code': 'Some requested entity was not found', 'error': 'The model grok-beta was deprecated on 2025-09-15 and is no longer accessible via the API. Please use grok-3 instead.'}
[2026-01-09T06:14:36.537+0000] {stock_grok_pipeline.py:197} INFO - Calling Grok API for TSLA on 2026-01-09 (change: 0.00%)
[2026-01-09T06:14:36.947+0000] {stock_grok_pipeline.py:234} ERROR - Grok API error for TSLA: Error code: 404 - {'code': 'Some requested entity was not found', 'error': 'The model grok-beta was deprecated on 2025-09-15 and is no longer accessible via the API. Please use grok-3 instead.'}
[2026-01-09T06:14:36.947+0000] {stock_grok_pipeline.py:239} INFO - Successfully committed 30 Grok explanations to database
[2026-01-09T06:14:36.948+0000] {python.py:201} INFO - Done. Returned value was: None
[2026-01-09T06:14:36.976+0000] {taskinstance.py:1138} INFO - Marking task as SUCCESS. dag_id=stock_grok_pipeline, task_id=call_grok_api, execution_date=20260109T061418, start_date=20260109T061428, end_date=20260109T061436
[2026-01-09T06:14:37.033+0000] {local_task_job_runner.py:234} INFO - Task exited with return code 0
[2026-01-09T06:14:37.088+0000] {taskinstance.py:3281} INFO - 1 downstream tasks scheduled from follow-on schedule check
